2024-07-28 05:11:53.491 [info] Log level: Info
2024-07-28 05:11:53.491 [info] Validating found git in: "git"
2024-07-28 05:11:53.491 [info] Using git "2.34.1" from "git"
2024-07-28 05:11:53.491 [info] > git rev-parse --show-toplevel [6ms]
2024-07-28 05:11:53.491 [info] fatal: not a git repository (or any parent up to mount point /)
Stopping at filesystem boundary (GIT_DISCOVERY_ACROSS_FILESYSTEM not set).
2024-07-28 05:11:53.491 [info] > git rev-parse --show-toplevel [4ms]
2024-07-28 05:11:53.491 [info] fatal: not a git repository (or any parent up to mount point /)
Stopping at filesystem boundary (GIT_DISCOVERY_ACROSS_FILESYSTEM not set).
2024-07-28 05:11:53.491 [info] > git rev-parse --show-toplevel [3ms]
2024-07-28 05:11:53.491 [info] fatal: not a git repository (or any parent up to mount point /)
Stopping at filesystem boundary (GIT_DISCOVERY_ACROSS_FILESYSTEM not set).
2024-07-28 05:11:53.491 [info] > git rev-parse --show-toplevel [31ms]
2024-07-28 05:11:53.491 [info] fatal: not a git repository (or any parent up to mount point /)
Stopping at filesystem boundary (GIT_DISCOVERY_ACROSS_FILESYSTEM not set).
2024-07-28 05:11:53.491 [info] > git rev-parse --show-toplevel [5ms]
2024-07-28 05:11:53.491 [info] fatal: not a git repository (or any parent up to mount point /)
Stopping at filesystem boundary (GIT_DISCOVERY_ACROSS_FILESYSTEM not set).
2024-07-28 05:11:53.491 [info] > git rev-parse --show-toplevel [4ms]
2024-07-28 05:11:53.491 [info] fatal: not a git repository (or any parent up to mount point /)
Stopping at filesystem boundary (GIT_DISCOVERY_ACROSS_FILESYSTEM not set).
2024-07-28 05:11:53.491 [info] > git rev-parse --show-toplevel [4ms]
2024-07-28 05:11:53.491 [info] fatal: not a git repository (or any parent up to mount point /)
Stopping at filesystem boundary (GIT_DISCOVERY_ACROSS_FILESYSTEM not set).
2024-07-28 05:11:53.491 [info] > git rev-parse --show-toplevel [3ms]
2024-07-28 05:11:53.491 [info] fatal: not a git repository (or any parent up to mount point /)
Stopping at filesystem boundary (GIT_DISCOVERY_ACROSS_FILESYSTEM not set).
2024-07-28 05:11:53.491 [info] > git rev-parse --show-toplevel [4ms]
2024-07-28 05:11:53.491 [info] fatal: not a git repository (or any parent up to mount point /)
Stopping at filesystem boundary (GIT_DISCOVERY_ACROSS_FILESYSTEM not set).
2024-07-28 05:11:53.491 [info] > git rev-parse --show-toplevel [4ms]
2024-07-28 05:11:53.491 [info] fatal: not a git repository (or any parent up to mount point /)
Stopping at filesystem boundary (GIT_DISCOVERY_ACROSS_FILESYSTEM not set).
2024-07-28 05:11:53.491 [info] > git rev-parse --show-toplevel [7ms]
2024-07-28 05:11:53.491 [info] fatal: not a git repository (or any parent up to mount point /)
Stopping at filesystem boundary (GIT_DISCOVERY_ACROSS_FILESYSTEM not set).
2024-07-28 05:11:58.731 [info] > git rev-parse --show-toplevel [32ms]
2024-07-28 05:11:58.731 [info] fatal: not a git repository (or any parent up to mount point /)
Stopping at filesystem boundary (GIT_DISCOVERY_ACROSS_FILESYSTEM not set).
