2024-07-29 15:15:23.093 [info] Log level: Info
2024-07-29 15:15:23.093 [info] Validating found git in: "git"
2024-07-29 15:15:23.093 [info] Using git "2.34.1" from "git"
2024-07-29 15:15:23.093 [info] > git rev-parse --show-toplevel [5ms]
2024-07-29 15:15:23.093 [info] fatal: not a git repository (or any parent up to mount point /)
Stopping at filesystem boundary (GIT_DISCOVERY_ACROSS_FILESYSTEM not set).
2024-07-29 15:15:23.093 [info] > git rev-parse --show-toplevel [4ms]
2024-07-29 15:15:23.093 [info] fatal: not a git repository (or any parent up to mount point /)
Stopping at filesystem boundary (GIT_DISCOVERY_ACROSS_FILESYSTEM not set).
2024-07-29 15:15:23.093 [info] > git rev-parse --show-toplevel [4ms]
2024-07-29 15:15:23.093 [info] fatal: not a git repository (or any parent up to mount point /)
Stopping at filesystem boundary (GIT_DISCOVERY_ACROSS_FILESYSTEM not set).
2024-07-29 15:15:23.104 [info] > git rev-parse --show-toplevel [2ms]
2024-07-29 15:15:23.104 [info] fatal: not a git repository (or any parent up to mount point /)
Stopping at filesystem boundary (GIT_DISCOVERY_ACROSS_FILESYSTEM not set).
2024-07-29 15:15:23.115 [info] > git rev-parse --show-toplevel [1ms]
2024-07-29 15:15:23.115 [info] fatal: not a git repository (or any parent up to mount point /)
Stopping at filesystem boundary (GIT_DISCOVERY_ACROSS_FILESYSTEM not set).
2024-07-29 15:15:23.126 [info] > git rev-parse --show-toplevel [2ms]
2024-07-29 15:15:23.126 [info] fatal: not a git repository (or any parent up to mount point /)
Stopping at filesystem boundary (GIT_DISCOVERY_ACROSS_FILESYSTEM not set).
2024-07-29 15:15:23.137 [info] > git rev-parse --show-toplevel [1ms]
2024-07-29 15:15:23.137 [info] fatal: not a git repository (or any parent up to mount point /)
Stopping at filesystem boundary (GIT_DISCOVERY_ACROSS_FILESYSTEM not set).
2024-07-29 15:15:23.147 [info] > git rev-parse --show-toplevel [2ms]
2024-07-29 15:15:23.147 [info] fatal: not a git repository (or any parent up to mount point /)
Stopping at filesystem boundary (GIT_DISCOVERY_ACROSS_FILESYSTEM not set).
2024-07-29 15:15:23.158 [info] > git rev-parse --show-toplevel [2ms]
2024-07-29 15:15:23.158 [info] fatal: not a git repository (or any parent up to mount point /)
Stopping at filesystem boundary (GIT_DISCOVERY_ACROSS_FILESYSTEM not set).
2024-07-29 15:15:23.168 [info] > git rev-parse --show-toplevel [2ms]
2024-07-29 15:15:23.168 [info] fatal: not a git repository (or any parent up to mount point /)
Stopping at filesystem boundary (GIT_DISCOVERY_ACROSS_FILESYSTEM not set).
2024-07-29 15:15:23.178 [info] > git rev-parse --show-toplevel [2ms]
2024-07-29 15:15:23.178 [info] fatal: not a git repository (or any parent up to mount point /)
Stopping at filesystem boundary (GIT_DISCOVERY_ACROSS_FILESYSTEM not set).
