Initializing document watcher...
Document watcher initialized
shahnawaz_nazimali/martproject/orders/app/main.py: {}
shahnawaz_nazimali/martproject/orders/app/main.py: {}
shahnawaz_nazimali/martproject/orders/app/main.py: {}
shahnawaz_nazimali/martproject/inventory/app/main.py: {}
shahnawaz_nazimali/martproject/product/app/main.py: {}
shahnawaz_nazimali/martproject/orders/app/main.py: {}
shahnawaz_nazimali/martproject/inventory/app/main.py: {}
shahnawaz_nazimali/martproject/orders/app/main.py: {}
shahnawaz_nazimali/martproject/product/app/main.py: {}
shahnawaz_nazimali/martproject/inventory/app/main.py: {}
shahnawaz_nazimali/martproject/inventory/app/main.py: {}
shahnawaz_nazimali/martproject/inventory/app/main.py: {}
shahnawaz_nazimali/martproject/product/app/main.py: {}
shahnawaz_nazimali/martproject/payment/app/main.py: {}
shahnawaz_nazimali/martproject/payment/app/main.py: Using EditorConfig core...
shahnawaz_nazimali/martproject/payment/app/main.py: Using EditorConfig core...
shahnawaz_nazimali/martproject/payment/app/main.py: Using EditorConfig core...
shahnawaz_nazimali/martproject/payment/app/main.py: Using EditorConfig core...
shahnawaz_nazimali/martproject/payment/app/main.py: Using EditorConfig core...
shahnawaz_nazimali/martproject/payment/app/main.py: Using EditorConfig core...
shahnawaz_nazimali/martproject/payment/app/main.py: Using EditorConfig core...
shahnawaz_nazimali/martproject/payment/app/main.py: Using EditorConfig core...
shahnawaz_nazimali/martproject/payment/app/main.py: Using EditorConfig core...
shahnawaz_nazimali/martproject/payment/app/main.py: Using EditorConfig core...
shahnawaz_nazimali/martproject/payment/app/main.py: Using EditorConfig core...
shahnawaz_nazimali/martproject/payment/app/main.py: Using EditorConfig core...
shahnawaz_nazimali/martproject/payment/app/main.py: Using EditorConfig core...
shahnawaz_nazimali/martproject/payment/app/main.py: {}
shahnawaz_nazimali/martproject/payment/app/main.py: {}
shahnawaz_nazimali/martproject/payment/app/main.py: {}
shahnawaz_nazimali/martproject/payment/app/main.py: Using EditorConfig core...
shahnawaz_nazimali/martproject/payment/app/main.py: Using EditorConfig core...
shahnawaz_nazimali/martproject/payment/app/main.py: {}
shahnawaz_nazimali/martproject/payment/app/main.py: Using EditorConfig core...
shahnawaz_nazimali/martproject/payment/app/main.py: Using EditorConfig core...
shahnawaz_nazimali/martproject/payment/app/main.py: Using EditorConfig core...
shahnawaz_nazimali/martproject/orders/app/main.py: {}
shahnawaz_nazimali/martproject/payment/app/main.py: {}
shahnawaz_nazimali/martproject/payment/app/main.py: Using EditorConfig core...
shahnawaz_nazimali/martproject/payment/app/main.py: {}
shahnawaz_nazimali/martproject/payment/app/main.py: {}
shahnawaz_nazimali/martproject/payment/app/main.py: Using EditorConfig core...
shahnawaz_nazimali/martproject/payment/app/main.py: Using EditorConfig core...
shahnawaz_nazimali/martproject/payment/app/main.py: Using EditorConfig core...
shahnawaz_nazimali/martproject/payment/app/main.py: Using EditorConfig core...
shahnawaz_nazimali/martproject/orders/app/main.py: {}
shahnawaz_nazimali/martproject/orders/app/main.py: {}
shahnawaz_nazimali/martproject/payment/app/main.py: {}
shahnawaz_nazimali/martproject/payment/app/main.py: Using EditorConfig core...
shahnawaz_nazimali/martproject/payment/app/main.py: Using EditorConfig core...
shahnawaz_nazimali/martproject/payment/app/main.py: Using EditorConfig core...
shahnawaz_nazimali/martproject/payment/app/main.py: {}
shahnawaz_nazimali/martproject/payment/app/main.py: {}
shahnawaz_nazimali/martproject/compose.yaml: {}
shahnawaz_nazimali/martproject/compose.yaml: Using EditorConfig core...
shahnawaz_nazimali/martproject/compose.yaml: Using EditorConfig core...
shahnawaz_nazimali/martproject/compose.yaml: Using EditorConfig core...
shahnawaz_nazimali/martproject/compose.yaml: Using EditorConfig core...
shahnawaz_nazimali/martproject/compose.yaml: Using EditorConfig core...
shahnawaz_nazimali/martproject/compose.yaml: Using EditorConfig core...
shahnawaz_nazimali/martproject/compose.yaml: Using EditorConfig core...
shahnawaz_nazimali/martproject/orders/app/main.py: {}
shahnawaz_nazimali/martproject/payment/app/main.py: {}
shahnawaz_nazimali/martproject/compose.yaml: {}
shahnawaz_nazimali/martproject/orders/app/main.py: {}
shahnawaz_nazimali/martproject/payment/app/main.py: {}
shahnawaz_nazimali/martproject/payment/app/main.py: {}
shahnawaz_nazimali/martproject/payment/app/main.py: {}
shahnawaz_nazimali/martproject/payment/app/main.py: {}
shahnawaz_nazimali/martproject/payment/app/main.py: Using EditorConfig core...
shahnawaz_nazimali/martproject/payment/app/main.py: {}
shahnawaz_nazimali/martproject/orders/app/main.py: {}
shahnawaz_nazimali/martproject/inventory/app/main.py: {}
shahnawaz_nazimali/martproject/orders/app/main.py: {}
shahnawaz_nazimali/martproject/orders/app/main.py: Using EditorConfig core...
shahnawaz_nazimali/martproject/orders/app/main.py: Using EditorConfig core...
shahnawaz_nazimali/martproject/orders/app/main.py: Using EditorConfig core...
shahnawaz_nazimali/martproject/orders/app/main.py: Using EditorConfig core...
shahnawaz_nazimali/martproject/orders/app/main.py: Using EditorConfig core...
shahnawaz_nazimali/martproject/orders/app/main.py: Using EditorConfig core...
shahnawaz_nazimali/martproject/orders/app/main.py: Using EditorConfig core...
shahnawaz_nazimali/martproject/orders/app/main.py: Using EditorConfig core...
shahnawaz_nazimali/martproject/orders/app/main.py: Using EditorConfig core...
shahnawaz_nazimali/martproject/orders/app/main.py: Using EditorConfig core...
shahnawaz_nazimali/martproject/orders/app/main.py: Using EditorConfig core...
shahnawaz_nazimali/martproject/orders/app/main.py: Using EditorConfig core...
shahnawaz_nazimali/martproject/orders/app/main.py: Using EditorConfig core...
shahnawaz_nazimali/martproject/orders/app/main.py: Using EditorConfig core...
shahnawaz_nazimali/martproject/orders/app/main.py: Using EditorConfig core...
shahnawaz_nazimali/martproject/orders/app/main.py: Using EditorConfig core...
shahnawaz_nazimali/martproject/payment/app/main.py: {}
shahnawaz_nazimali/martproject/orders/app/main.py: {}
shahnawaz_nazimali/martproject/orders/app/main.py: Using EditorConfig core...
shahnawaz_nazimali/martproject/orders/app/main.py: Using EditorConfig core...
shahnawaz_nazimali/martproject/orders/app/main.py: Using EditorConfig core...
shahnawaz_nazimali/martproject/payment/app/main.py: {}
shahnawaz_nazimali/martproject/payment/app/main.py: Using EditorConfig core...
shahnawaz_nazimali/martproject/payment/app/main.py: Using EditorConfig core...
shahnawaz_nazimali/martproject/payment/app/main.py: Using EditorConfig core...
shahnawaz_nazimali/martproject/payment/app/main.py: Using EditorConfig core...
shahnawaz_nazimali/martproject/payment/app/main.py: Using EditorConfig core...
shahnawaz_nazimali/martproject/payment/app/main.py: Using EditorConfig core...
shahnawaz_nazimali/martproject/payment/app/main.py: Using EditorConfig core...
shahnawaz_nazimali/martproject/payment/app/main.py: Using EditorConfig core...
shahnawaz_nazimali/martproject/payment/app/main.py: Using EditorConfig core...
shahnawaz_nazimali/martproject/payment/app/main.py: Using EditorConfig core...
shahnawaz_nazimali/martproject/payment/app/main.py: Using EditorConfig core...
shahnawaz_nazimali/martproject/payment/app/main.py: Using EditorConfig core...
shahnawaz_nazimali/martproject/payment/app/main.py: Using EditorConfig core...
shahnawaz_nazimali/martproject/payment/app/main.py: Using EditorConfig core...
shahnawaz_nazimali/martproject/payment/app/main.py: Using EditorConfig core...
shahnawaz_nazimali/martproject/payment/app/main.py: Using EditorConfig core...
shahnawaz_nazimali/martproject/payment/app/main.py: Using EditorConfig core...
shahnawaz_nazimali/martproject/payment/app/main.py: Using EditorConfig core...
shahnawaz_nazimali/martproject/payment/app/main.py: Using EditorConfig core...
shahnawaz_nazimali/martproject/payment/app/main.py: Using EditorConfig core...
shahnawaz_nazimali/martproject/payment/app/main.py: Using EditorConfig core...
shahnawaz_nazimali/martproject/inventory/app/main.py: {}
shahnawaz_nazimali/martproject/payment/app/main.py: {}
shahnawaz_nazimali/martproject/inventory/app/main.py: {}
shahnawaz_nazimali/martproject/payment/app/main.py: {}
shahnawaz_nazimali/martproject/payment/app/main.py: Using EditorConfig core...
shahnawaz_nazimali/martproject/payment/app/main.py: Using EditorConfig core...
shahnawaz_nazimali/martproject/payment/app/main.py: Using EditorConfig core...
shahnawaz_nazimali/martproject/payment/app/main.py: Using EditorConfig core...
shahnawaz_nazimali/martproject/payment/app/main.py: Using EditorConfig core...
shahnawaz_nazimali/martproject/payment/app/main.py: Using EditorConfig core...
shahnawaz_nazimali/martproject/payment/app/main.py: Using EditorConfig core...
shahnawaz_nazimali/martproject/payment/app/main.py: Using EditorConfig core...
shahnawaz_nazimali/martproject/payment/app/main.py: Using EditorConfig core...
shahnawaz_nazimali/martproject/payment/app/main.py: Using EditorConfig core...
shahnawaz_nazimali/martproject/payment/app/main.py: Using EditorConfig core...
shahnawaz_nazimali/martproject/payment/app/main.py: Using EditorConfig core...
shahnawaz_nazimali/martproject/payment/app/main.py: {}
shahnawaz_nazimali/martproject/payment/app/main.py: {}
shahnawaz_nazimali/martproject/payment/app/main.py: {}
shahnawaz_nazimali/martproject/payment/app/main.py: {}
shahnawaz_nazimali/martproject/payment/app/main.py: {}
shahnawaz_nazimali/martproject/payment/app/main.py: {}
shahnawaz_nazimali/martproject/payment/app/main.py: Using EditorConfig core...
shahnawaz_nazimali/martproject/payment/app/main.py: {}
shahnawaz_nazimali/martproject/payment/app/main.py: Using EditorConfig core...
shahnawaz_nazimali/martproject/payment/app/main.py: Using EditorConfig core...
shahnawaz_nazimali/martproject/payment/app/main.py: Using EditorConfig core...
shahnawaz_nazimali/martproject/payment/app/main.py: Using EditorConfig core...
shahnawaz_nazimali/martproject/payment/app/main.py: {}
shahnawaz_nazimali/martproject/payment/app/main.py: Using EditorConfig core...
shahnawaz_nazimali/martproject/payment/app/main.py: {}
shahnawaz_nazimali/martproject/payment/app/main.py: Using EditorConfig core...
shahnawaz_nazimali/martproject/payment/app/main.py: {}
shahnawaz_nazimali/martproject/payment/app/main.py: Using EditorConfig core...
shahnawaz_nazimali/martproject/payment/app/main.py: Using EditorConfig core...
shahnawaz_nazimali/martproject/payment/app/main.py: {}
shahnawaz_nazimali/martproject/payment/app/main.py: {}
shahnawaz_nazimali/martproject/payment/app/main.py: Using EditorConfig core...
shahnawaz_nazimali/martproject/payment/app/main.py: Using EditorConfig core...
shahnawaz_nazimali/martproject/payment/app/main.py: {}
shahnawaz_nazimali/martproject/payment/app/main.py: {}
shahnawaz_nazimali/martproject/payment/app/main.py: {}
shahnawaz_nazimali/martproject/payment/app/main.py: {}
shahnawaz_nazimali/martproject/payment/app/main.py: Using EditorConfig core...
shahnawaz_nazimali/martproject/payment/app/main.py: Using EditorConfig core...
shahnawaz_nazimali/martproject/payment/app/main.py: {}
shahnawaz_nazimali/martproject/payment/app/main.py: Using EditorConfig core...
shahnawaz_nazimali/martproject/payment/app/main.py: {}
shahnawaz_nazimali/martproject/payment/app/main.py: {}
shahnawaz_nazimali/martproject/payment/app/main.py: Using EditorConfig core...
shahnawaz_nazimali/martproject/payment/app/main.py: Using EditorConfig core...
shahnawaz_nazimali/martproject/payment/app/main.py: {}
shahnawaz_nazimali/martproject/inventory/app/main.py: {}
shahnawaz_nazimali/martproject/payment/app/main.py: {}
shahnawaz_nazimali/martproject/inventory/app/main.py: {}
shahnawaz_nazimali/martproject/payment/app/main.py: {}
shahnawaz_nazimali/martproject/inventory/app/main.py: {}
shahnawaz_nazimali/martproject/payment/app/main.py: {}
shahnawaz_nazimali/martproject/payment/app/main.py: Using EditorConfig core...
shahnawaz_nazimali/martproject/payment/app/main.py: {}
shahnawaz_nazimali/martproject/payment/app/main.py: Using EditorConfig core...
shahnawaz_nazimali/martproject/payment/app/main.py: Using EditorConfig core...
shahnawaz_nazimali/martproject/payment/app/main.py: Using EditorConfig core...
shahnawaz_nazimali/martproject/payment/app/main.py: Using EditorConfig core...
shahnawaz_nazimali/martproject/payment/app/main.py: Using EditorConfig core...
shahnawaz_nazimali/martproject/payment/app/main.py: {}
shahnawaz_nazimali/martproject/payment/app/main.py: {}
shahnawaz_nazimali/martproject/payment/app/main.py: {}
shahnawaz_nazimali/martproject/payment/app/main.py: Using EditorConfig core...
shahnawaz_nazimali/martproject/payment/app/main.py: {}
shahnawaz_nazimali/martproject/payment/app/main.py: {}
shahnawaz_nazimali/martproject/payment/app/main.py: {}
shahnawaz_nazimali/martproject/payment/app/main.py: {}
shahnawaz_nazimali/martproject/payment/app/main.py: Using EditorConfig core...
shahnawaz_nazimali/martproject/payment/app/main.py: {}
shahnawaz_nazimali/martproject/payment/app/main.py: {}
shahnawaz_nazimali/martproject/payment/app/main.py: Using EditorConfig core...
shahnawaz_nazimali/martproject/payment/app/main.py: {}
shahnawaz_nazimali/martproject/payment/app/main.py: {}
shahnawaz_nazimali/martproject/payment/app/main.py: {}
shahnawaz_nazimali/martproject/payment/app/main.py: {}
shahnawaz_nazimali/martproject/payment/app/main.py: Using EditorConfig core...
shahnawaz_nazimali/martproject/payment/app/main.py: Using EditorConfig core...
shahnawaz_nazimali/martproject/payment/app/main.py: {}
shahnawaz_nazimali/martproject/payment/app/main.py: Using EditorConfig core...
shahnawaz_nazimali/martproject/payment/app/main.py: Using EditorConfig core...
shahnawaz_nazimali/martproject/payment/app/main.py: {}
shahnawaz_nazimali/martproject/orders/app/main.py: {}
shahnawaz_nazimali/martproject/payment/app/main.py: {}
shahnawaz_nazimali/martproject/payment/app/main.py: {}
shahnawaz_nazimali/martproject/payment/app/main.py: {}
shahnawaz_nazimali/martproject/payment/app/main.py: {}
shahnawaz_nazimali/martproject/payment/app/main.py: Using EditorConfig core...
shahnawaz_nazimali/martproject/payment/app/main.py: Using EditorConfig core...
shahnawaz_nazimali/martproject/payment/app/main.py: {}
shahnawaz_nazimali/martproject/payment/app/main.py: {}
shahnawaz_nazimali/martproject/payment/app/main.py: {}
shahnawaz_nazimali/martproject/payment/app/main.py: Using EditorConfig core...
shahnawaz_nazimali/martproject/payment/app/main.py: {}
shahnawaz_nazimali/martproject/payment/app/main.py: {}
shahnawaz_nazimali/martproject/payment/app/main.py: {}
shahnawaz_nazimali/martproject/payment/app/main.py: {}
shahnawaz_nazimali/martproject/payment/app/main.py: {}
shahnawaz_nazimali/martproject/payment/app/main.py: {}
shahnawaz_nazimali/martproject/payment/app/main.py: {}
shahnawaz_nazimali/martproject/payment/app/main.py: {}
shahnawaz_nazimali/martproject/payment/app/main.py: {}
shahnawaz_nazimali/martproject/payment/app/main.py: {}
shahnawaz_nazimali/martproject/payment/app/main.py: Using EditorConfig core...
shahnawaz_nazimali/martproject/payment/app/main.py: Using EditorConfig core...
shahnawaz_nazimali/martproject/payment/app/main.py: Using EditorConfig core...
shahnawaz_nazimali/martproject/payment/app/main.py: Using EditorConfig core...
shahnawaz_nazimali/martproject/payment/app/main.py: {}
shahnawaz_nazimali/martproject/payment/app/main.py: {}
shahnawaz_nazimali/martproject/payment/app/main.py: {}
shahnawaz_nazimali/martproject/payment/app/main.py: {}
shahnawaz_nazimali/martproject/payment/app/main.py: {}
shahnawaz_nazimali/martproject/payment/app/main.py: {}
shahnawaz_nazimali/martproject/payment/app/main.py: {}
shahnawaz_nazimali/martproject/payment/app/main.py: Using EditorConfig core...
shahnawaz_nazimali/martproject/payment/app/main.py: Using EditorConfig core...
shahnawaz_nazimali/martproject/payment/app/main.py: {}
shahnawaz_nazimali/martproject/payment/app/main.py: Using EditorConfig core...
shahnawaz_nazimali/martproject/payment/app/main.py: {}
shahnawaz_nazimali/martproject/payment/app/main.py: Using EditorConfig core...
shahnawaz_nazimali/martproject/payment/app/main.py: Using EditorConfig core...
shahnawaz_nazimali/martproject/payment/app/main.py: {}
shahnawaz_nazimali/martproject/payment/app/main.py: {}
shahnawaz_nazimali/martproject/payment/app/main.py: {}
shahnawaz_nazimali/martproject/payment/app/main.py: Using EditorConfig core...
shahnawaz_nazimali/martproject/payment/app/main.py: Using EditorConfig core...
shahnawaz_nazimali/martproject/payment/app/main.py: Using EditorConfig core...
shahnawaz_nazimali/martproject/payment/app/main.py: {}
shahnawaz_nazimali/martproject/payment/app/main.py: {}
shahnawaz_nazimali/martproject/payment/app/main.py: {}
shahnawaz_nazimali/martproject/payment/app/main.py: {}
shahnawaz_nazimali/martproject/payment/app/main.py: Using EditorConfig core...
shahnawaz_nazimali/martproject/payment/app/main.py: Using EditorConfig core...
shahnawaz_nazimali/martproject/payment/app/main.py: {}
shahnawaz_nazimali/martproject/payment/app/main.py: Using EditorConfig core...
shahnawaz_nazimali/martproject/payment/app/main.py: Using EditorConfig core...
shahnawaz_nazimali/martproject/payment/app/main.py: Using EditorConfig core...
shahnawaz_nazimali/martproject/payment/app/main.py: {}
shahnawaz_nazimali/martproject/payment/app/main.py: {}
shahnawaz_nazimali/martproject/payment/app/main.py: Using EditorConfig core...
shahnawaz_nazimali/martproject/payment/app/main.py: Using EditorConfig core...
shahnawaz_nazimali/martproject/payment/app/main.py: Using EditorConfig core...
shahnawaz_nazimali/martproject/payment/app/main.py: Using EditorConfig core...
shahnawaz_nazimali/martproject/payment/app/main.py: {}
shahnawaz_nazimali/martproject/payment/app/main.py: Using EditorConfig core...
shahnawaz_nazimali/martproject/payment/app/main.py: Using EditorConfig core...
shahnawaz_nazimali/martproject/payment/app/main.py: Using EditorConfig core...
shahnawaz_nazimali/martproject/payment/app/main.py: Using EditorConfig core...
shahnawaz_nazimali/martproject/payment/app/main.py: {}
shahnawaz_nazimali/martproject/payment/app/main.py: {}
shahnawaz_nazimali/martproject/payment/app/main.py: {}
shahnawaz_nazimali/martproject/payment/app/main.py: {}
shahnawaz_nazimali/martproject/payment/app/main.py: {}
shahnawaz_nazimali/martproject/orders/app/main.py: {}
shahnawaz_nazimali/martproject/payment/app/main.py: {}
shahnawaz_nazimali/martproject/inventory/app/main.py: {}
shahnawaz_nazimali/martproject/inventory/app/main.py: {}
shahnawaz_nazimali/martproject/inventory/app/main.py: {}
shahnawaz_nazimali/martproject/inventory/app/main.py: {}
shahnawaz_nazimali/martproject/payment/app/main.py: {}
shahnawaz_nazimali/martproject/payment/app/main.py: {}
shahnawaz_nazimali/martproject/payment/app/main.py: Using EditorConfig core...
shahnawaz_nazimali/martproject/payment/app/main.py: {}
shahnawaz_nazimali/martproject/inventory/app/main.py: {}
shahnawaz_nazimali/martproject/payment/app/main.py: {}
shahnawaz_nazimali/martproject/payment/app/main.py: {}
shahnawaz_nazimali/martproject/payment/app/main.py: {}
shahnawaz_nazimali/martproject/payment/app/main.py: {}
shahnawaz_nazimali/martproject/payment/app/main.py: {}
shahnawaz_nazimali/martproject/payment/app/main.py: {}
shahnawaz_nazimali/martproject/payment/app/main.py: {}
shahnawaz_nazimali/martproject/payment/app/main.py: {}
shahnawaz_nazimali/martproject/payment/app/main.py: {}
shahnawaz_nazimali/martproject/payment/app/main.py: {}
shahnawaz_nazimali/martproject/payment/app/main.py: {}
shahnawaz_nazimali/martproject/payment/app/main.py: {}
shahnawaz_nazimali/martproject/payment/app/main.py: {}
shahnawaz_nazimali/martproject/payment/app/main.py: Using EditorConfig core...
shahnawaz_nazimali/martproject/payment/app/main.py: Using EditorConfig core...
shahnawaz_nazimali/martproject/payment/app/main.py: Using EditorConfig core...
shahnawaz_nazimali/martproject/payment/app/main.py: Using EditorConfig core...
shahnawaz_nazimali/martproject/payment/app/main.py: Using EditorConfig core...
shahnawaz_nazimali/martproject/payment/app/main.py: Using EditorConfig core...
shahnawaz_nazimali/martproject/payment/app/main.py: Using EditorConfig core...
shahnawaz_nazimali/martproject/payment/app/main.py: Using EditorConfig core...
shahnawaz_nazimali/martproject/payment/app/main.py: Using EditorConfig core...
shahnawaz_nazimali/martproject/payment/app/main.py: {}
shahnawaz_nazimali/martproject/inventory/app/main.py: {}
shahnawaz_nazimali/martproject/payment/app/main.py: {}
shahnawaz_nazimali/martproject/payment/app/main.py: {}
shahnawaz_nazimali/martproject/payment/app/main.py: {}
shahnawaz_nazimali/martproject/payment/app/main.py: {}
shahnawaz_nazimali/martproject/payment/app/main.py: Using EditorConfig core...
shahnawaz_nazimali/martproject/payment/app/main.py: {}
shahnawaz_nazimali/martproject/payment/app/main.py: Using EditorConfig core...
shahnawaz_nazimali/martproject/payment/app/main.py: {}
shahnawaz_nazimali/martproject/payment/app/main.py: {}
shahnawaz_nazimali/martproject/payment/app/main.py: Using EditorConfig core...
shahnawaz_nazimali/martproject/payment/app/main.py: {}
shahnawaz_nazimali/martproject/payment/app/main.py: {}
shahnawaz_nazimali/martproject/payment/app/main.py: {}
shahnawaz_nazimali/martproject/payment/app/main.py: {}
shahnawaz_nazimali/martproject/payment/app/main.py: Using EditorConfig core...
shahnawaz_nazimali/martproject/payment/app/main.py: {}
shahnawaz_nazimali/martproject/payment/app/main.py: {}
shahnawaz_nazimali/martproject/payment/app/main.py: {}
shahnawaz_nazimali/martproject/compose.yaml: {}
shahnawaz_nazimali/martproject/payment/Dockerfile.dev: {}
shahnawaz_nazimali/martproject/orders/Dockerfile.dev: {}
shahnawaz_nazimali/martproject/payment/Dockerfile.dev: {}
shahnawaz_nazimali/martproject/compose.yaml: {}
shahnawaz_nazimali/martproject/inventory/app/main.py: {}
shahnawaz_nazimali/martproject/payment/app/main.py: {}
shahnawaz_nazimali/martproject/inventory/app/main.py: {}
shahnawaz_nazimali/martproject/payment/app/main.py: {}
shahnawaz_nazimali/martproject/payment/app/main.py: {}
shahnawaz_nazimali/martproject/payment/app/main.py: {}
shahnawaz_nazimali/martproject/inventory/app/main.py: {}
shahnawaz_nazimali/martproject/inventory/app/main.py: {}
shahnawaz_nazimali/martproject/payment/app/main.py: {}
shahnawaz_nazimali/martproject/inventory/app/main.py: {}
shahnawaz_nazimali/martproject/payment/app/main.py: {}
shahnawaz_nazimali/martproject/inventory/app/main.py: {}
shahnawaz_nazimali/martproject/payment/app/main.py: {}
shahnawaz_nazimali/martproject/inventory/app/main.py: {}
shahnawaz_nazimali/martproject/payment/app/main.py: {}
shahnawaz_nazimali/martproject/inventory/app/main.py: {}
shahnawaz_nazimali/martproject/payment/app/main.py: {}
shahnawaz_nazimali/martproject/inventory/app/main.py: {}
shahnawaz_nazimali/martproject/payment/app/main.py: {}
shahnawaz_nazimali/martproject/payment/app/main.py: {}
shahnawaz_nazimali/martproject/payment/app/main.py: {}
shahnawaz_nazimali/martproject/payment/app/main.py: {}
shahnawaz_nazimali/martproject/payment/app/main.py: Using EditorConfig core...
shahnawaz_nazimali/martproject/payment/app/main.py: Using EditorConfig core...
shahnawaz_nazimali/martproject/payment/app/main.py: {}
shahnawaz_nazimali/martproject/payment/app/main.py: {}
shahnawaz_nazimali/martproject/payment/app/main.py: {}
shahnawaz_nazimali/martproject/payment/app/main.py: {}
shahnawaz_nazimali/martproject/payment/app/main.py: Using EditorConfig core...
shahnawaz_nazimali/martproject/payment/app/main.py: Using EditorConfig core...
shahnawaz_nazimali/martproject/payment/app/main.py: {}
shahnawaz_nazimali/martproject/payment/app/main.py: {}
shahnawaz_nazimali/martproject/inventory/app/main.py: {}
shahnawaz_nazimali/martproject/payment/app/main.py: {}
shahnawaz_nazimali/martproject/payment/app/main.py: Using EditorConfig core...
shahnawaz_nazimali/martproject/payment/app/main.py: Using EditorConfig core...
shahnawaz_nazimali/martproject/payment/app/main.py: {}
shahnawaz_nazimali/martproject/payment/app/main.py: Using EditorConfig core...
shahnawaz_nazimali/martproject/payment/app/main.py: {}
shahnawaz_nazimali/martproject/payment/app/main.py: {}
shahnawaz_nazimali/martproject/payment/app/main.py: Using EditorConfig core...
shahnawaz_nazimali/martproject/payment/app/main.py: Using EditorConfig core...
shahnawaz_nazimali/martproject/payment/app/main.py: Using EditorConfig core...
shahnawaz_nazimali/martproject/payment/app/main.py: Using EditorConfig core...
shahnawaz_nazimali/martproject/payment/app/main.py: Using EditorConfig core...
shahnawaz_nazimali/martproject/payment/app/main.py: Using EditorConfig core...
shahnawaz_nazimali/martproject/payment/app/main.py: {}
shahnawaz_nazimali/martproject/payment/app/main.py: {}
shahnawaz_nazimali/martproject/payment/app/main.py: {}
shahnawaz_nazimali/martproject/payment/app/main.py: {}
shahnawaz_nazimali/martproject/payment/app/main.py: {}
shahnawaz_nazimali/martproject/payment/app/main.py: {}
shahnawaz_nazimali/martproject/payment/app/main.py: {}
shahnawaz_nazimali/martproject/payment/app/main.py: {}
shahnawaz_nazimali/martproject/payment/app/main.py: {}
shahnawaz_nazimali/martproject/payment/app/main.py: Using EditorConfig core...
shahnawaz_nazimali/martproject/payment/app/main.py: {}
shahnawaz_nazimali/martproject/payment/app/main.py: {}
shahnawaz_nazimali/martproject/payment/app/main.py: {}
shahnawaz_nazimali/martproject/payment/app/main.py: {}
shahnawaz_nazimali/martproject/payment/app/main.py: {}
shahnawaz_nazimali/martproject/payment/app/main.py: {}
