2024-07-29 15:18:07.540 [info] Extension host with pid 3848 started
2024-07-29 15:18:07.541 [error] Error: EEXIST: file already exists, open '/home/shahnawaz_nazimali/.codeoss/data/User/workspaceStorage/35b348cb/vscode.lock'
2024-07-29 15:18:07.552 [info] Lock '/home/shahnawaz_nazimali/.codeoss/data/User/workspaceStorage/35b348cb/vscode.lock': Could not acquire lock, checking if the file is stale.
2024-07-29 15:18:07.562 [info] Lock '/home/shahnawaz_nazimali/.codeoss/data/User/workspaceStorage/35b348cb/vscode.lock': The lock does not look stale, elapsed: 574 ms, giving up.
2024-07-29 15:18:07.578 [error] Error: EEXIST: file already exists, open '/home/shahnawaz_nazimali/.codeoss/data/User/workspaceStorage/35b348cb-1/vscode.lock'
2024-07-29 15:18:07.579 [info] Lock '/home/shahnawaz_nazimali/.codeoss/data/User/workspaceStorage/35b348cb-1/vscode.lock': Could not acquire lock, checking if the file is stale.
2024-07-29 15:18:07.580 [info] Lock '/home/shahnawaz_nazimali/.codeoss/data/User/workspaceStorage/35b348cb-1/vscode.lock': The lock does not look stale, elapsed: 869 ms, giving up.
2024-07-29 15:18:07.599 [info] Lock '/home/shahnawaz_nazimali/.codeoss/data/User/workspaceStorage/35b348cb-2/vscode.lock': Lock acquired.
2024-07-29 15:18:07.823 [info] ExtensionService#_doActivateExtension ms-python.python, startup: false, activationEvent: 'onLanguage:python'
2024-07-29 15:18:07.825 [info] ExtensionService#_doActivateExtension vscode.emmet, startup: false, activationEvent: 'onLanguage'
2024-07-29 15:18:08.828 [info] ExtensionService#_doActivateExtension vscode.git-base, startup: true, activationEvent: '*', root cause: vscode.git
2024-07-29 15:18:09.504 [info] ExtensionService#_doActivateExtension vscode.git, startup: true, activationEvent: '*'
2024-07-29 15:18:09.505 [info] ExtensionService#_doActivateExtension vscode.github, startup: true, activationEvent: '*'
2024-07-29 15:18:10.219 [info] Eager extensions activated
2024-07-29 15:18:10.220 [info] ExtensionService#_doActivateExtension EditorConfig.EditorConfig, startup: false, activationEvent: 'onStartupFinished'
2024-07-29 15:18:10.221 [info] ExtensionService#_doActivateExtension google.cloud-shell, startup: false, activationEvent: 'onStartupFinished'
2024-07-29 15:18:10.221 [info] ExtensionService#_doActivateExtension googlecloudtools.cloudcode, startup: false, activationEvent: 'onStartupFinished'
2024-07-29 15:18:10.222 [info] ExtensionService#_doActivateExtension vscode.debug-auto-launch, startup: false, activationEvent: 'onStartupFinished'
2024-07-29 15:18:10.223 [info] ExtensionService#_doActivateExtension vscode.merge-conflict, startup: false, activationEvent: 'onStartupFinished'
2024-07-29 15:18:14.439 [info] ExtensionService#_doActivateExtension vscode.json-language-features, startup: false, activationEvent: 'onLanguage:jsonc'
2024-07-29 15:18:14.440 [info] ExtensionService#_doActivateExtension vscode.typescript-language-features, startup: false, activationEvent: 'onLanguage:jsonc'
2024-07-29 16:11:30.244 [info] Extension host terminating: received terminate message from renderer
2024-07-29 16:11:30.246 [info] Lock '/home/shahnawaz_nazimali/.codeoss/data/User/workspaceStorage/35b348cb-2/vscode.lock': Marking the lockfile as scheduled to be released in 6000 ms.
2024-07-29 16:11:30.304 [info] Extension host with pid 3848 exiting with code 0
