0 verbose cli /usr/local/nvm/versions/node/v20.15.0/bin/node /usr/local/nvm/versions/node/v20.15.0/bin/npm
0 verbose cli /usr/local/nvm/versions/node/v20.15.0/bin/node /usr/local/nvm/versions/node/v20.15.0/bin/npm
1 info using npm@10.8.1
1 info using npm@10.8.1
2 info using node@v20.15.0
2 info using node@v20.15.0
3 silly config load:file:/usr/local/nvm/versions/node/v20.15.0/lib/node_modules/npm/npmrc
3 silly config load:file:/usr/local/nvm/versions/node/v20.15.0/lib/node_modules/npm/npmrc
4 silly config load:file:/google/devshell/editor/code-oss-for-cloud-shell/.npmrc
4 silly config load:file:/home/shahnawaz_nazimali/.npmrc
5 silly config load:file:/home/shahnawaz_nazimali/.npmrc
5 silly config load:file:/usr/local/nvm/versions/node/v20.15.0/etc/npmrc
6 silly config load:file:/usr/local/nvm/versions/node/v20.15.0/etc/npmrc
6 verbose title npm config get prefix
7 verbose title npm config get prefix
7 verbose argv "config" "--loglevel" "warn" "get" "prefix"
8 verbose argv "config" "--loglevel" "warn" "get" "prefix"
8 verbose logfile logs-max:10 dir:/home/shahnawaz_nazimali/.npm/_logs/2024-07-16T11_58_24_144Z-
9 verbose logfile logs-max:10 dir:/home/shahnawaz_nazimali/.npm/_logs/2024-07-16T11_58_24_144Z-
9 verbose logfile /home/shahnawaz_nazimali/.npm/_logs/2024-07-16T11_58_24_144Z-debug-0.log
10 verbose logfile /home/shahnawaz_nazimali/.npm/_logs/2024-07-16T11_58_24_144Z-debug-0.log
11 verbose cwd /google/devshell/editor/code-oss-for-cloud-shell
12 verbose os Linux 6.1.85+
13 verbose node v20.15.0
14 verbose npm  v10.8.1
10 verbose cwd /home/shahnawaz_nazimali
11 verbose os Linux 6.1.85+
12 verbose node v20.15.0
13 verbose npm  v10.8.1
15 verbose exit 0
14 verbose exit 0
15 info ok
16 info ok
