2024-07-28 05:15:45.639 [info] Extension host with pid 1284 started
2024-07-28 05:15:45.639 [error] Error: EEXIST: file already exists, open '/home/shahnawaz_nazimali/.codeoss/data/User/workspaceStorage/35b348cb/vscode.lock'
2024-07-28 05:15:45.659 [info] Lock '/home/shahnawaz_nazimali/.codeoss/data/User/workspaceStorage/35b348cb/vscode.lock': Could not acquire lock, checking if the file is stale.
2024-07-28 05:15:45.664 [info] Lock '/home/shahnawaz_nazimali/.codeoss/data/User/workspaceStorage/35b348cb/vscode.lock': The lock does not look stale, elapsed: 758 ms, giving up.
2024-07-28 05:15:45.681 [info] Lock '/home/shahnawaz_nazimali/.codeoss/data/User/workspaceStorage/35b348cb-1/vscode.lock': Lock acquired.
2024-07-28 05:15:46.386 [info] ExtensionService#_doActivateExtension ms-python.python, startup: false, activationEvent: 'onLanguage:python'
2024-07-28 05:15:46.387 [info] ExtensionService#_doActivateExtension vscode.emmet, startup: false, activationEvent: 'onLanguage'
2024-07-28 05:15:47.389 [info] ExtensionService#_doActivateExtension vscode.git-base, startup: true, activationEvent: '*', root cause: vscode.git
2024-07-28 05:15:48.075 [info] ExtensionService#_doActivateExtension vscode.git, startup: true, activationEvent: '*'
2024-07-28 05:15:48.076 [info] ExtensionService#_doActivateExtension vscode.github, startup: true, activationEvent: '*'
2024-07-28 05:15:54.392 [info] Not activating extension 'hashicorp.terraform': Timed out while searching for 'workspaceContains' pattern **/*.tf,**/*.tfvars
2024-07-28 05:15:54.392 [info] Not activating extension 'redhat.fabric8-analytics': Timed out while searching for 'workspaceContains' pattern **/package.json,**/pom.xml,**/go.mod,**/requirements.txt
2024-07-28 05:15:54.393 [info] Not activating extension 'redhat.java': Timed out while searching for 'workspaceContains' pattern */pom.xml,*/build.gradle,*/settings.gradle,*/build.gradle.kts,*/settings.gradle.kts,*/.classpath
2024-07-28 05:15:54.394 [info] Not activating extension 'vscjava.vscode-java-dependency': Timed out while searching for 'workspaceContains' pattern */pom.xml,*/build.gradle,*/settings.gradle,*/build.gradle.kts,*/settings.gradle.kts,*/.classpath
2024-07-28 05:15:54.394 [info] Not activating extension 'vscjava.vscode-java-test': Timed out while searching for 'workspaceContains' pattern */pom.xml,*/build.gradle,*/settings.gradle,*/build.gradle.kts,*/settings.gradle.kts,*/.classpath
2024-07-28 05:15:54.394 [info] Not activating extension 'vscjava.vscode-maven': Timed out while searching for 'workspaceContains' pattern **/pom.xml
2024-07-28 05:15:54.563 [info] Eager extensions activated
2024-07-28 05:15:54.564 [info] ExtensionService#_doActivateExtension EditorConfig.EditorConfig, startup: false, activationEvent: 'onStartupFinished'
2024-07-28 05:15:54.564 [info] ExtensionService#_doActivateExtension google.cloud-shell, startup: false, activationEvent: 'onStartupFinished'
2024-07-28 05:15:54.565 [info] ExtensionService#_doActivateExtension googlecloudtools.cloudcode, startup: false, activationEvent: 'onStartupFinished'
2024-07-28 05:15:54.566 [info] ExtensionService#_doActivateExtension vscode.debug-auto-launch, startup: false, activationEvent: 'onStartupFinished'
2024-07-28 05:15:54.567 [info] ExtensionService#_doActivateExtension vscode.merge-conflict, startup: false, activationEvent: 'onStartupFinished'
2024-07-28 05:15:57.729 [info] ExtensionService#_doActivateExtension vscode.json-language-features, startup: false, activationEvent: 'onLanguage:jsonc'
2024-07-28 05:15:57.730 [info] ExtensionService#_doActivateExtension vscode.typescript-language-features, startup: false, activationEvent: 'onLanguage:jsonc'
2024-07-28 06:14:45.080 [info] Extension host terminating: received terminate message from renderer
2024-07-28 06:14:45.095 [info] Lock '/home/shahnawaz_nazimali/.codeoss/data/User/workspaceStorage/35b348cb-1/vscode.lock': Marking the lockfile as scheduled to be released in 6000 ms.
2024-07-28 06:14:45.158 [info] Extension host with pid 1284 exiting with code 0
