2024-08-08 16:03:36.359 [info] Extension host with pid 1268 started
2024-08-08 16:03:36.370 [info] Lock '/home/shahnawaz_nazimali/.codeoss/data/User/workspaceStorage/35b348cb/vscode.lock': Lock acquired.
2024-08-08 16:03:36.679 [info] ExtensionService#_doActivateExtension ms-python.python, startup: false, activationEvent: 'onLanguage:python'
2024-08-08 16:03:36.680 [info] ExtensionService#_doActivateExtension vscode.emmet, startup: false, activationEvent: 'onLanguage'
2024-08-08 16:03:37.601 [info] ExtensionService#_doActivateExtension vscode.git-base, startup: true, activationEvent: '*', root cause: vscode.git
2024-08-08 16:03:37.960 [info] ExtensionService#_doActivateExtension vscode.git, startup: true, activationEvent: '*'
2024-08-08 16:03:37.960 [info] ExtensionService#_doActivateExtension vscode.github, startup: true, activationEvent: '*'
2024-08-08 16:03:41.403 [info] ExtensionService#_doActivateExtension redhat.fabric8-analytics, startup: true, activationEvent: 'workspaceContains:**/package.json,**/pom.xml,**/go.mod,**/requirements.txt'
2024-08-08 16:03:42.291 [info] Eager extensions activated
2024-08-08 16:03:42.292 [info] ExtensionService#_doActivateExtension EditorConfig.EditorConfig, startup: false, activationEvent: 'onStartupFinished'
2024-08-08 16:03:42.293 [info] ExtensionService#_doActivateExtension google.cloud-shell, startup: false, activationEvent: 'onStartupFinished'
2024-08-08 16:03:42.293 [info] ExtensionService#_doActivateExtension googlecloudtools.cloudcode, startup: false, activationEvent: 'onStartupFinished'
2024-08-08 16:03:42.294 [info] ExtensionService#_doActivateExtension vscode.debug-auto-launch, startup: false, activationEvent: 'onStartupFinished'
2024-08-08 16:03:42.295 [info] ExtensionService#_doActivateExtension vscode.merge-conflict, startup: false, activationEvent: 'onStartupFinished'
2024-08-08 16:03:45.437 [info] ExtensionService#_doActivateExtension vscode.json-language-features, startup: false, activationEvent: 'onLanguage:jsonc'
2024-08-08 16:03:45.439 [info] ExtensionService#_doActivateExtension vscode.typescript-language-features, startup: false, activationEvent: 'onLanguage:jsonc'
2024-08-08 16:05:21.479 [warning] [Decorations] CAPPING events from decorations provider vscode.git 5912
2024-08-08 16:05:23.022 [warning] [Decorations] CAPPING events from decorations provider vscode.git 5912
2024-08-08 16:05:27.414 [warning] [Decorations] CAPPING events from decorations provider vscode.git 5912
2024-08-08 16:05:32.622 [warning] [Decorations] CAPPING events from decorations provider vscode.git 5912
2024-08-08 16:05:37.845 [warning] [Decorations] CAPPING events from decorations provider vscode.git 5912
2024-08-08 16:05:43.073 [warning] [Decorations] CAPPING events from decorations provider vscode.git 5912
2024-08-08 16:05:48.297 [warning] [Decorations] CAPPING events from decorations provider vscode.git 5912
2024-08-08 16:05:53.509 [warning] [Decorations] CAPPING events from decorations provider vscode.git 5912
2024-08-08 16:05:58.707 [warning] [Decorations] CAPPING events from decorations provider vscode.git 5912
