2024-07-26 16:18:17.504 [info] Extension host with pid 1157 started
2024-07-26 16:18:17.570 [info] Lock '/home/shahnawaz_nazimali/.codeoss/data/User/workspaceStorage/35b348cb/vscode.lock': Lock acquired.
2024-07-26 16:18:18.160 [info] ExtensionService#_doActivateExtension ms-python.python, startup: false, activationEvent: 'onLanguage:python'
2024-07-26 16:18:18.162 [info] ExtensionService#_doActivateExtension vscode.emmet, startup: false, activationEvent: 'onLanguage'
2024-07-26 16:18:19.147 [info] ExtensionService#_doActivateExtension vscode.git-base, startup: true, activationEvent: '*', root cause: vscode.git
2024-07-26 16:18:19.622 [info] ExtensionService#_doActivateExtension vscode.git, startup: true, activationEvent: '*'
2024-07-26 16:18:19.623 [info] ExtensionService#_doActivateExtension vscode.github, startup: true, activationEvent: '*'
2024-07-26 16:18:26.149 [info] Not activating extension 'hashicorp.terraform': Timed out while searching for 'workspaceContains' pattern **/*.tf,**/*.tfvars
2024-07-26 16:18:26.150 [info] Not activating extension 'redhat.fabric8-analytics': Timed out while searching for 'workspaceContains' pattern **/package.json,**/pom.xml,**/go.mod,**/requirements.txt
2024-07-26 16:18:26.150 [info] Not activating extension 'redhat.java': Timed out while searching for 'workspaceContains' pattern */pom.xml,*/build.gradle,*/settings.gradle,*/build.gradle.kts,*/settings.gradle.kts,*/.classpath
2024-07-26 16:18:26.151 [info] Not activating extension 'vscjava.vscode-java-dependency': Timed out while searching for 'workspaceContains' pattern */pom.xml,*/build.gradle,*/settings.gradle,*/build.gradle.kts,*/settings.gradle.kts,*/.classpath
2024-07-26 16:18:26.151 [info] Not activating extension 'vscjava.vscode-java-test': Timed out while searching for 'workspaceContains' pattern */pom.xml,*/build.gradle,*/settings.gradle,*/build.gradle.kts,*/settings.gradle.kts,*/.classpath
2024-07-26 16:18:26.151 [info] Not activating extension 'vscjava.vscode-maven': Timed out while searching for 'workspaceContains' pattern **/pom.xml
2024-07-26 16:18:26.357 [info] Eager extensions activated
2024-07-26 16:18:26.358 [info] ExtensionService#_doActivateExtension EditorConfig.EditorConfig, startup: false, activationEvent: 'onStartupFinished'
2024-07-26 16:18:26.358 [info] ExtensionService#_doActivateExtension google.cloud-shell, startup: false, activationEvent: 'onStartupFinished'
2024-07-26 16:18:26.359 [info] ExtensionService#_doActivateExtension googlecloudtools.cloudcode, startup: false, activationEvent: 'onStartupFinished'
2024-07-26 16:18:26.359 [info] ExtensionService#_doActivateExtension vscode.debug-auto-launch, startup: false, activationEvent: 'onStartupFinished'
2024-07-26 16:18:26.360 [info] ExtensionService#_doActivateExtension vscode.merge-conflict, startup: false, activationEvent: 'onStartupFinished'
2024-07-26 16:18:29.360 [info] ExtensionService#_doActivateExtension vscode.json-language-features, startup: false, activationEvent: 'onLanguage:jsonc'
2024-07-26 16:18:29.361 [info] ExtensionService#_doActivateExtension vscode.typescript-language-features, startup: false, activationEvent: 'onLanguage:jsonc'
2024-07-26 16:52:56.316 [error] [ms-python.python] provider FAILED
2024-07-26 16:52:56.388 [error] Error: UnboundLocalError: local variable 'start_index' referenced before assignment
    at ae (/google/devshell/editor/code-oss-for-cloud-shell/extensions/ms-python.python/out/client/extension.js:2:2306827)
    at oe (/google/devshell/editor/code-oss-for-cloud-shell/extensions/ms-python.python/out/client/extension.js:2:2304787)
    at Immediate.<anonymous> (/google/devshell/editor/code-oss-for-cloud-shell/extensions/ms-python.python/out/client/extension.js:2:2301081)
    at processImmediate (node:internal/timers:476:21)
2024-07-26 17:13:09.858 [info] Extension host terminating: received terminate message from renderer
2024-07-26 17:13:09.859 [info] Lock '/home/shahnawaz_nazimali/.codeoss/data/User/workspaceStorage/35b348cb/vscode.lock': Marking the lockfile as scheduled to be released in 6000 ms.
2024-07-26 17:13:09.910 [info] Extension host with pid 1157 exiting with code 0
