Initializing document watcher...
Document watcher initialized
shahnawaz_nazimali/martproject/inventory/app/main.py: {}
shahnawaz_nazimali/martproject/inventory/app/main.py: {}
shahnawaz_nazimali/martproject/inventory/app/main.py: {}
shahnawaz_nazimali/martproject/inventory/app/main.py: Using EditorConfig core...
shahnawaz_nazimali/martproject/inventory/app/main.py: Using EditorConfig core...
shahnawaz_nazimali/martproject/inventory/app/main.py: Using EditorConfig core...
shahnawaz_nazimali/martproject/inventory/app/main.py: Using EditorConfig core...
shahnawaz_nazimali/martproject/inventory/app/main.py: Using EditorConfig core...
shahnawaz_nazimali/martproject/inventory/app/main.py: Using EditorConfig core...
shahnawaz_nazimali/martproject/inventory/app/main.py: Using EditorConfig core...
shahnawaz_nazimali/martproject/inventory/app/main.py: Using EditorConfig core...
shahnawaz_nazimali/martproject/inventory/app/main.py: Using EditorConfig core...
shahnawaz_nazimali/martproject/inventory/app/main.py: Using EditorConfig core...
shahnawaz_nazimali/martproject/inventory/app/main.py: Using EditorConfig core...
shahnawaz_nazimali/martproject/inventory/app/main.py: {}
shahnawaz_nazimali/martproject/inventory/app/main.py: {}
shahnawaz_nazimali/martproject/inventory/app/main.py: {}
shahnawaz_nazimali/martproject/inventory/app/main.py: {}
shahnawaz_nazimali/martproject/inventory/app/main.py: {}
shahnawaz_nazimali/martproject/inventory/app/main.py: Using EditorConfig core...
shahnawaz_nazimali/martproject/inventory/app/main.py: Using EditorConfig core...
shahnawaz_nazimali/martproject/inventory/app/main.py: Using EditorConfig core...
shahnawaz_nazimali/martproject/inventory/app/main.py: {}
shahnawaz_nazimali/martproject/inventory/app/main.py: Using EditorConfig core...
shahnawaz_nazimali/martproject/inventory/app/main.py: {}
shahnawaz_nazimali/martproject/inventory/app/main.py: Using EditorConfig core...
shahnawaz_nazimali/martproject/inventory/app/main.py: Using EditorConfig core...
shahnawaz_nazimali/martproject/inventory/app/main.py: {}
shahnawaz_nazimali/martproject/inventory/app/main.py: {}
shahnawaz_nazimali/martproject/inventory/app/main.py: Using EditorConfig core...
shahnawaz_nazimali/martproject/inventory/app/main.py: Using EditorConfig core...
shahnawaz_nazimali/martproject/inventory/app/main.py: {}
shahnawaz_nazimali/martproject/inventory/app/main.py: Using EditorConfig core...
shahnawaz_nazimali/martproject/inventory/app/main.py: Using EditorConfig core...
shahnawaz_nazimali/martproject/inventory/app/main.py: Using EditorConfig core...
shahnawaz_nazimali/martproject/inventory/app/main.py: {}
shahnawaz_nazimali/martproject/inventory/app/main.py: Using EditorConfig core...
shahnawaz_nazimali/martproject/inventory/app/main.py: Using EditorConfig core...
shahnawaz_nazimali/martproject/inventory/app/main.py: Using EditorConfig core...
shahnawaz_nazimali/martproject/inventory/app/main.py: {}
shahnawaz_nazimali/martproject/inventory/app/main.py: {}
shahnawaz_nazimali/martproject/inventory/app/main.py: {}
shahnawaz_nazimali/martproject/inventory/app/main.py: Using EditorConfig core...
shahnawaz_nazimali/martproject/inventory/app/main.py: Using EditorConfig core...
shahnawaz_nazimali/martproject/inventory/app/main.py: Using EditorConfig core...
shahnawaz_nazimali/martproject/inventory/app/main.py: {}
shahnawaz_nazimali/martproject/inventory/app/main.py: {}
shahnawaz_nazimali/martproject/inventory/app/main.py: {}
shahnawaz_nazimali/martproject/inventory/app/main.py: {}
shahnawaz_nazimali/martproject/inventory/app/main.py: {}
shahnawaz_nazimali/martproject/inventory/app/main.py: {}
shahnawaz_nazimali/martproject/inventory/app/main.py: {}
shahnawaz_nazimali/martproject/inventory/app/main.py: {}
shahnawaz_nazimali/martproject/inventory/app/main.py: {}
shahnawaz_nazimali/martproject/inventory/app/main.py: Using EditorConfig core...
shahnawaz_nazimali/martproject/inventory/app/main.py: Using EditorConfig core...
shahnawaz_nazimali/martproject/inventory/app/main.py: Using EditorConfig core...
shahnawaz_nazimali/martproject/inventory/app/main.py: Using EditorConfig core...
shahnawaz_nazimali/martproject/inventory/app/main.py: {}
shahnawaz_nazimali/martproject/inventory/app/main.py: Using EditorConfig core...
shahnawaz_nazimali/martproject/inventory/app/main.py: Using EditorConfig core...
shahnawaz_nazimali/martproject/inventory/app/main.py: Using EditorConfig core...
shahnawaz_nazimali/martproject/inventory/app/main.py: Using EditorConfig core...
shahnawaz_nazimali/martproject/inventory/app/main.py: Using EditorConfig core...
shahnawaz_nazimali/martproject/inventory/app/main.py: {}
shahnawaz_nazimali/martproject/inventory/app/main.py: {}
shahnawaz_nazimali/martproject/inventory/app/main.py: {}
shahnawaz_nazimali/martproject/inventory/app/main.py: {}
shahnawaz_nazimali/martproject/inventory/app/main.py: {}
shahnawaz_nazimali/martproject/inventory/app/main.py: Using EditorConfig core...
shahnawaz_nazimali/martproject/inventory/app/main.py: Using EditorConfig core...
shahnawaz_nazimali/martproject/inventory/app/main.py: {}
shahnawaz_nazimali/martproject/inventory/app/main.py: {}
shahnawaz_nazimali/martproject/inventory/app/main.py: Using EditorConfig core...
shahnawaz_nazimali/martproject/inventory/app/main.py: Using EditorConfig core...
shahnawaz_nazimali/martproject/inventory/app/main.py: Using EditorConfig core...
shahnawaz_nazimali/martproject/product/app/main.py: {}
shahnawaz_nazimali/martproject/orders/app/main.py: {}
shahnawaz_nazimali/martproject/inventory/app/main.py: {}
shahnawaz_nazimali/martproject/inventory/app/main.py: {}
shahnawaz_nazimali/martproject/inventory/app/main.py: {}
shahnawaz_nazimali/martproject/inventory/app/main.py: {}
shahnawaz_nazimali/martproject/inventory/app/main.py: {}
shahnawaz_nazimali/martproject/inventory/app/main.py: Using EditorConfig core...
shahnawaz_nazimali/martproject/inventory/app/main.py: {}
shahnawaz_nazimali/martproject/inventory/app/main.py: {}
shahnawaz_nazimali/martproject/inventory/app/main.py: Using EditorConfig core...
shahnawaz_nazimali/martproject/inventory/app/main.py: Using EditorConfig core...
shahnawaz_nazimali/martproject/inventory/app/main.py: Using EditorConfig core...
shahnawaz_nazimali/martproject/inventory/app/main.py: {}
shahnawaz_nazimali/martproject/inventory/app/main.py: {}
shahnawaz_nazimali/martproject/inventory/app/main.py: {}
shahnawaz_nazimali/martproject/inventory/app/main.py: {}
shahnawaz_nazimali/martproject/inventory/app/main.py: {}
shahnawaz_nazimali/martproject/inventory/app/main.py: {}
shahnawaz_nazimali/martproject/inventory/app/main.py: Using EditorConfig core...
shahnawaz_nazimali/martproject/inventory/app/main.py: {}
shahnawaz_nazimali/martproject/inventory/app/main.py: {}
shahnawaz_nazimali/martproject/inventory/app/main.py: Using EditorConfig core...
shahnawaz_nazimali/martproject/inventory/app/main.py: Using EditorConfig core...
shahnawaz_nazimali/martproject/inventory/app/main.py: {}
shahnawaz_nazimali/martproject/inventory/app/main.py: {}
shahnawaz_nazimali/martproject/inventory/app/main.py: {}
shahnawaz_nazimali/martproject/inventory/app/main.py: {}
shahnawaz_nazimali/martproject/inventory/app/main.py: Using EditorConfig core...
shahnawaz_nazimali/martproject/inventory/app/main.py: Using EditorConfig core...
shahnawaz_nazimali/martproject/inventory/app/main.py: {}
shahnawaz_nazimali/martproject/inventory/app/main.py: {}
shahnawaz_nazimali/martproject/inventory/app/main.py: Using EditorConfig core...
shahnawaz_nazimali/martproject/inventory/app/main.py: {}
shahnawaz_nazimali/martproject/inventory/app/main.py: Using EditorConfig core...
shahnawaz_nazimali/martproject/inventory/app/main.py: Using EditorConfig core...
shahnawaz_nazimali/martproject/inventory/app/main.py: Using EditorConfig core...
shahnawaz_nazimali/martproject/inventory/app/main.py: Using EditorConfig core...
shahnawaz_nazimali/martproject/inventory/app/main.py: Using EditorConfig core...
shahnawaz_nazimali/martproject/inventory/app/main.py: {}
shahnawaz_nazimali/martproject/inventory/app/main.py: {}
shahnawaz_nazimali/martproject/inventory/app/main.py: Using EditorConfig core...
shahnawaz_nazimali/martproject/inventory/app/main.py: Using EditorConfig core...
shahnawaz_nazimali/martproject/inventory/app/main.py: Using EditorConfig core...
shahnawaz_nazimali/martproject/inventory/app/main.py: {}
shahnawaz_nazimali/martproject/inventory/app/main.py: Using EditorConfig core...
shahnawaz_nazimali/martproject/inventory/app/main.py: {}
shahnawaz_nazimali/martproject/inventory/app/main.py: Using EditorConfig core...
shahnawaz_nazimali/martproject/inventory/app/main.py: Using EditorConfig core...
