2024-07-26 16:18:20.221 [info] Log level: Info
2024-07-26 16:18:20.221 [info] Validating found git in: "git"
2024-07-26 16:18:20.221 [info] Using git "2.34.1" from "git"
2024-07-26 16:18:20.221 [info] > git rev-parse --show-toplevel [23ms]
2024-07-26 16:18:20.221 [info] fatal: not a git repository (or any parent up to mount point /)
Stopping at filesystem boundary (GIT_DISCOVERY_ACROSS_FILESYSTEM not set).
2024-07-26 16:18:20.221 [info] > git rev-parse --show-toplevel [4ms]
2024-07-26 16:18:20.221 [info] fatal: not a git repository (or any parent up to mount point /)
Stopping at filesystem boundary (GIT_DISCOVERY_ACROSS_FILESYSTEM not set).
2024-07-26 16:18:20.221 [info] > git rev-parse --show-toplevel [2ms]
2024-07-26 16:18:20.221 [info] fatal: not a git repository (or any parent up to mount point /)
Stopping at filesystem boundary (GIT_DISCOVERY_ACROSS_FILESYSTEM not set).
2024-07-26 16:18:20.221 [info] > git rev-parse --show-toplevel [3ms]
2024-07-26 16:18:20.221 [info] fatal: not a git repository (or any parent up to mount point /)
Stopping at filesystem boundary (GIT_DISCOVERY_ACROSS_FILESYSTEM not set).
2024-07-26 16:18:20.221 [info] > git rev-parse --show-toplevel [4ms]
2024-07-26 16:18:20.221 [info] fatal: not a git repository (or any parent up to mount point /)
Stopping at filesystem boundary (GIT_DISCOVERY_ACROSS_FILESYSTEM not set).
2024-07-26 16:18:20.221 [info] > git rev-parse --show-toplevel [4ms]
2024-07-26 16:18:20.221 [info] fatal: not a git repository (or any parent up to mount point /)
Stopping at filesystem boundary (GIT_DISCOVERY_ACROSS_FILESYSTEM not set).
2024-07-26 16:18:20.221 [info] > git rev-parse --show-toplevel [4ms]
2024-07-26 16:18:20.221 [info] fatal: not a git repository (or any parent up to mount point /)
Stopping at filesystem boundary (GIT_DISCOVERY_ACROSS_FILESYSTEM not set).
2024-07-26 16:18:20.221 [info] > git rev-parse --show-toplevel [2ms]
2024-07-26 16:18:20.221 [info] fatal: not a git repository (or any parent up to mount point /)
Stopping at filesystem boundary (GIT_DISCOVERY_ACROSS_FILESYSTEM not set).
2024-07-26 16:18:20.221 [info] > git rev-parse --show-toplevel [8ms]
2024-07-26 16:18:20.221 [info] fatal: not a git repository (or any parent up to mount point /)
Stopping at filesystem boundary (GIT_DISCOVERY_ACROSS_FILESYSTEM not set).
2024-07-26 16:18:20.223 [info] > git rev-parse --show-toplevel [3ms]
2024-07-26 16:18:20.223 [info] fatal: not a git repository (or any parent up to mount point /)
Stopping at filesystem boundary (GIT_DISCOVERY_ACROSS_FILESYSTEM not set).
2024-07-26 16:18:20.236 [info] > git rev-parse --show-toplevel [4ms]
2024-07-26 16:18:20.236 [info] fatal: not a git repository (or any parent up to mount point /)
Stopping at filesystem boundary (GIT_DISCOVERY_ACROSS_FILESYSTEM not set).
2024-07-26 16:18:31.625 [info] > git rev-parse --show-toplevel [30ms]
2024-07-26 16:18:31.625 [info] fatal: not a git repository (or any parent up to mount point /)
Stopping at filesystem boundary (GIT_DISCOVERY_ACROSS_FILESYSTEM not set).
2024-07-26 16:52:54.936 [info] > git rev-parse --show-toplevel [5ms]
2024-07-26 16:52:54.965 [info] fatal: not a git repository (or any parent up to mount point /)
Stopping at filesystem boundary (GIT_DISCOVERY_ACROSS_FILESYSTEM not set).
2024-07-26 16:52:56.254 [info] > git rev-parse --show-toplevel [8ms]
2024-07-26 16:52:56.255 [info] fatal: not a git repository (or any parent up to mount point /)
Stopping at filesystem boundary (GIT_DISCOVERY_ACROSS_FILESYSTEM not set).
2024-07-26 16:53:03.221 [info] > git rev-parse --show-toplevel [3ms]
2024-07-26 16:53:03.221 [info] fatal: not a git repository (or any parent up to mount point /)
Stopping at filesystem boundary (GIT_DISCOVERY_ACROSS_FILESYSTEM not set).
