2024-07-26 16:18:19.164 [info] Default formatter is set to null for workspace /home/shahnawaz_nazimali
2024-07-26 16:18:19.164 [info] Test server listening.
2024-07-26 16:18:19.164 [info] Python interpreter path: /bin/python
2024-07-26 16:18:19.799 [info] > pyenv which python
2024-07-26 16:18:19.799 [info] cwd: .
2024-07-26 16:18:22.120 [info] Starting Jedi language server for shahnawaz_nazimali.
2024-07-26 16:30:56.174 [info] Discover tests for workspace name: shahnawaz_nazimali - uri: /home/shahnawaz_nazimali/martproject/inventory/app/main.py
2024-07-26 16:31:00.375 [info] Discover tests for workspace name: shahnawaz_nazimali - uri: /home/shahnawaz_nazimali/martproject/inventory/app/main.py
2024-07-26 16:31:02.103 [info] Discover tests for workspace name: shahnawaz_nazimali - uri: /home/shahnawaz_nazimali/martproject/inventory/app/main.py
2024-07-26 16:31:03.715 [info] Discover tests for workspace name: shahnawaz_nazimali - uri: /home/shahnawaz_nazimali/martproject/inventory/app/main.py
2024-07-26 16:31:07.428 [info] Discover tests for workspace name: shahnawaz_nazimali - uri: /home/shahnawaz_nazimali/martproject/inventory/app/main.py
2024-07-26 16:31:11.440 [info] Discover tests for workspace name: shahnawaz_nazimali - uri: /home/shahnawaz_nazimali/martproject/inventory/app/main.py
2024-07-26 16:31:13.728 [info] Discover tests for workspace name: shahnawaz_nazimali - uri: /home/shahnawaz_nazimali/martproject/inventory/app/main.py
2024-07-26 16:31:16.782 [info] Discover tests for workspace name: shahnawaz_nazimali - uri: /home/shahnawaz_nazimali/martproject/inventory/app/main.py
2024-07-26 16:31:18.550 [info] Discover tests for workspace name: shahnawaz_nazimali - uri: /home/shahnawaz_nazimali/martproject/inventory/app/main.py
2024-07-26 16:31:22.715 [info] Discover tests for workspace name: shahnawaz_nazimali - uri: /home/shahnawaz_nazimali/martproject/inventory/app/main.py
2024-07-26 16:31:24.858 [info] Discover tests for workspace name: shahnawaz_nazimali - uri: /home/shahnawaz_nazimali/martproject/inventory/app/main.py
2024-07-26 16:32:48.371 [info] Discover tests for workspace name: shahnawaz_nazimali - uri: /home/shahnawaz_nazimali/martproject/inventory/app/main.py
2024-07-26 16:32:53.335 [info] Discover tests for workspace name: shahnawaz_nazimali - uri: /home/shahnawaz_nazimali/martproject/inventory/app/main.py
2024-07-26 16:32:54.633 [info] Discover tests for workspace name: shahnawaz_nazimali - uri: /home/shahnawaz_nazimali/martproject/inventory/app/main.py
2024-07-26 16:33:19.742 [info] Discover tests for workspace name: shahnawaz_nazimali - uri: /home/shahnawaz_nazimali/martproject/inventory/app/main.py
2024-07-26 16:33:42.689 [info] Discover tests for workspace name: shahnawaz_nazimali - uri: /home/shahnawaz_nazimali/martproject/inventory/app/main.py
2024-07-26 16:33:44.602 [info] Discover tests for workspace name: shahnawaz_nazimali - uri: /home/shahnawaz_nazimali/martproject/inventory/app/main.py
2024-07-26 16:35:31.600 [info] Discover tests for workspace name: shahnawaz_nazimali - uri: /home/shahnawaz_nazimali/martproject/inventory/app/main.py
2024-07-26 16:35:34.464 [info] Discover tests for workspace name: shahnawaz_nazimali - uri: /home/shahnawaz_nazimali/martproject/inventory/app/main.py
2024-07-26 16:36:37.159 [info] Discover tests for workspace name: shahnawaz_nazimali - uri: /home/shahnawaz_nazimali/martproject/inventory/app/main.py
2024-07-26 16:36:38.454 [info] Discover tests for workspace name: shahnawaz_nazimali - uri: /home/shahnawaz_nazimali/martproject/inventory/app/main.py
2024-07-26 16:36:40.213 [info] Discover tests for workspace name: shahnawaz_nazimali - uri: /home/shahnawaz_nazimali/martproject/inventory/app/main.py
2024-07-26 16:37:05.255 [info] Discover tests for workspace name: shahnawaz_nazimali - uri: /home/shahnawaz_nazimali/martproject/inventory/app/main.py
2024-07-26 16:37:14.032 [info] Discover tests for workspace name: shahnawaz_nazimali - uri: /home/shahnawaz_nazimali/martproject/inventory/app/main.py
2024-07-26 16:37:15.663 [info] Discover tests for workspace name: shahnawaz_nazimali - uri: /home/shahnawaz_nazimali/martproject/inventory/app/main.py
2024-07-26 16:40:18.948 [info] Discover tests for workspace name: shahnawaz_nazimali - uri: /home/shahnawaz_nazimali/martproject/inventory/app/main.py
2024-07-26 16:40:20.883 [info] Discover tests for workspace name: shahnawaz_nazimali - uri: /home/shahnawaz_nazimali/martproject/inventory/app/main.py
2024-07-26 16:40:27.690 [info] Discover tests for workspace name: shahnawaz_nazimali - uri: /home/shahnawaz_nazimali/martproject/inventory/app/main.py
2024-07-26 16:44:15.062 [info] Discover tests for workspace name: shahnawaz_nazimali - uri: /home/shahnawaz_nazimali/martproject/inventory/app/main.py
2024-07-26 16:44:17.925 [info] Discover tests for workspace name: shahnawaz_nazimali - uri: /home/shahnawaz_nazimali/martproject/inventory/app/main.py
2024-07-26 16:44:19.240 [info] Discover tests for workspace name: shahnawaz_nazimali - uri: /home/shahnawaz_nazimali/martproject/inventory/app/main.py
2024-07-26 16:44:21.163 [info] Discover tests for workspace name: shahnawaz_nazimali - uri: /home/shahnawaz_nazimali/martproject/inventory/app/main.py
2024-07-26 16:44:58.121 [info] Discover tests for workspace name: shahnawaz_nazimali - uri: /home/shahnawaz_nazimali/martproject/inventory/app/main.py
2024-07-26 16:45:02.634 [info] Discover tests for workspace name: shahnawaz_nazimali - uri: /home/shahnawaz_nazimali/martproject/inventory/app/main.py
2024-07-26 16:45:07.143 [info] Discover tests for workspace name: shahnawaz_nazimali - uri: /home/shahnawaz_nazimali/martproject/inventory/app/main.py
2024-07-26 16:45:13.690 [info] Discover tests for workspace name: shahnawaz_nazimali - uri: /home/shahnawaz_nazimali/martproject/inventory/app/main.py
2024-07-26 16:45:15.184 [info] Discover tests for workspace name: shahnawaz_nazimali - uri: /home/shahnawaz_nazimali/martproject/inventory/app/main.py
2024-07-26 16:51:07.441 [info] Discover tests for workspace name: shahnawaz_nazimali - uri: /home/shahnawaz_nazimali/martproject/inventory/app/main.py
2024-07-26 16:51:14.144 [info] Discover tests for workspace name: shahnawaz_nazimali - uri: /home/shahnawaz_nazimali/martproject/inventory/app/main.py
2024-07-26 16:52:45.002 [info] Discover tests for workspace name: shahnawaz_nazimali - uri: /home/shahnawaz_nazimali/martproject/inventory/app/main.py
2024-07-26 16:52:49.191 [info] Discover tests for workspace name: shahnawaz_nazimali - uri: /home/shahnawaz_nazimali/martproject/inventory/app/main.py
2024-07-26 16:52:51.006 [info] Discover tests for workspace name: shahnawaz_nazimali - uri: /home/shahnawaz_nazimali/martproject/inventory/app/main.py
2024-07-26 16:58:10.531 [info] Discover tests for workspace name: shahnawaz_nazimali - uri: /home/shahnawaz_nazimali/martproject/inventory/app/main.py
2024-07-26 16:58:31.838 [info] Discover tests for workspace name: shahnawaz_nazimali - uri: /home/shahnawaz_nazimali/martproject/inventory/app/main.py
2024-07-26 16:58:36.373 [info] Discover tests for workspace name: shahnawaz_nazimali - uri: /home/shahnawaz_nazimali/martproject/inventory/app/main.py
2024-07-26 16:58:38.561 [info] Discover tests for workspace name: shahnawaz_nazimali - uri: /home/shahnawaz_nazimali/martproject/inventory/app/main.py
2024-07-26 17:03:31.469 [info] Discover tests for workspace name: shahnawaz_nazimali - uri: /home/shahnawaz_nazimali/martproject/inventory/app/main.py
2024-07-26 17:05:19.431 [info] Discover tests for workspace name: shahnawaz_nazimali - uri: /home/shahnawaz_nazimali/martproject/inventory/app/main.py
2024-07-26 17:05:23.277 [info] Discover tests for workspace name: shahnawaz_nazimali - uri: /home/shahnawaz_nazimali/martproject/inventory/app/main.py
2024-07-26 17:07:50.857 [info] Discover tests for workspace name: shahnawaz_nazimali - uri: /home/shahnawaz_nazimali/martproject/inventory/app/main.py
2024-07-26 17:07:52.114 [info] Discover tests for workspace name: shahnawaz_nazimali - uri: /home/shahnawaz_nazimali/martproject/inventory/app/main.py
2024-07-26 17:09:24.381 [info] Discover tests for workspace name: shahnawaz_nazimali - uri: /home/shahnawaz_nazimali/martproject/inventory/app/main.py
2024-07-26 17:09:48.578 [info] Discover tests for workspace name: shahnawaz_nazimali - uri: /home/shahnawaz_nazimali/martproject/inventory/app/main.py
2024-07-26 17:09:50.485 [info] Discover tests for workspace name: shahnawaz_nazimali - uri: /home/shahnawaz_nazimali/martproject/inventory/app/main.py
2024-07-26 17:09:52.718 [info] Discover tests for workspace name: shahnawaz_nazimali - uri: /home/shahnawaz_nazimali/martproject/inventory/app/main.py
2024-07-26 17:09:57.641 [info] Discover tests for workspace name: shahnawaz_nazimali - uri: /home/shahnawaz_nazimali/martproject/inventory/app/main.py
2024-07-26 17:10:01.277 [info] Discover tests for workspace name: shahnawaz_nazimali - uri: /home/shahnawaz_nazimali/martproject/inventory/app/main.py
2024-07-26 17:11:35.255 [info] Discover tests for workspace name: shahnawaz_nazimali - uri: /home/shahnawaz_nazimali/martproject/inventory/app/main.py
2024-07-26 17:11:38.596 [info] Discover tests for workspace name: shahnawaz_nazimali - uri: /home/shahnawaz_nazimali/martproject/inventory/app/main.py
2024-07-26 17:11:42.559 [info] Discover tests for workspace name: shahnawaz_nazimali - uri: /home/shahnawaz_nazimali/martproject/inventory/app/main.py
2024-07-26 17:12:02.566 [info] Discover tests for workspace name: shahnawaz_nazimali - uri: /home/shahnawaz_nazimali/martproject/inventory/app/main.py
2024-07-26 17:12:37.078 [info] Discover tests for workspace name: shahnawaz_nazimali - uri: /home/shahnawaz_nazimali/martproject/inventory/app/main.py
2024-07-26 17:12:38.315 [info] Discover tests for workspace name: shahnawaz_nazimali - uri: /home/shahnawaz_nazimali/martproject/inventory/app/main.py
