2024-07-28 16:22:42.352 [info] Log level: Info
2024-07-28 16:22:42.352 [info] Validating found git in: "git"
2024-07-28 16:22:42.352 [info] Using git "2.34.1" from "git"
2024-07-28 16:22:42.352 [info] > git rev-parse --show-toplevel [12ms]
2024-07-28 16:22:42.353 [info] fatal: not a git repository (or any parent up to mount point /)
Stopping at filesystem boundary (GIT_DISCOVERY_ACROSS_FILESYSTEM not set).
2024-07-28 16:22:42.353 [info] > git rev-parse --show-toplevel [4ms]
2024-07-28 16:22:42.353 [info] fatal: not a git repository (or any parent up to mount point /)
Stopping at filesystem boundary (GIT_DISCOVERY_ACROSS_FILESYSTEM not set).
2024-07-28 16:22:42.353 [info] > git rev-parse --show-toplevel [22ms]
2024-07-28 16:22:42.353 [info] fatal: not a git repository (or any parent up to mount point /)
Stopping at filesystem boundary (GIT_DISCOVERY_ACROSS_FILESYSTEM not set).
2024-07-28 16:22:42.353 [info] > git rev-parse --show-toplevel [11ms]
2024-07-28 16:22:42.354 [info] fatal: not a git repository (or any parent up to mount point /)
Stopping at filesystem boundary (GIT_DISCOVERY_ACROSS_FILESYSTEM not set).
2024-07-28 16:22:42.354 [info] > git rev-parse --show-toplevel [11ms]
2024-07-28 16:22:42.354 [info] fatal: not a git repository (or any parent up to mount point /)
Stopping at filesystem boundary (GIT_DISCOVERY_ACROSS_FILESYSTEM not set).
2024-07-28 16:22:42.362 [info] > git rev-parse --show-toplevel [43ms]
2024-07-28 16:22:42.363 [info] fatal: not a git repository (or any parent up to mount point /)
Stopping at filesystem boundary (GIT_DISCOVERY_ACROSS_FILESYSTEM not set).
2024-07-28 16:22:42.381 [info] > git rev-parse --show-toplevel [7ms]
2024-07-28 16:22:42.381 [info] fatal: not a git repository (or any parent up to mount point /)
Stopping at filesystem boundary (GIT_DISCOVERY_ACROSS_FILESYSTEM not set).
2024-07-28 16:22:42.399 [info] > git rev-parse --show-toplevel [8ms]
2024-07-28 16:22:42.400 [info] fatal: not a git repository (or any parent up to mount point /)
Stopping at filesystem boundary (GIT_DISCOVERY_ACROSS_FILESYSTEM not set).
2024-07-28 16:22:42.413 [info] > git rev-parse --show-toplevel [4ms]
2024-07-28 16:22:42.413 [info] fatal: not a git repository (or any parent up to mount point /)
Stopping at filesystem boundary (GIT_DISCOVERY_ACROSS_FILESYSTEM not set).
2024-07-28 16:22:42.425 [info] > git rev-parse --show-toplevel [2ms]
2024-07-28 16:22:42.425 [info] fatal: not a git repository (or any parent up to mount point /)
Stopping at filesystem boundary (GIT_DISCOVERY_ACROSS_FILESYSTEM not set).
2024-07-28 16:22:42.438 [info] > git rev-parse --show-toplevel [3ms]
2024-07-28 16:22:42.438 [info] fatal: not a git repository (or any parent up to mount point /)
Stopping at filesystem boundary (GIT_DISCOVERY_ACROSS_FILESYSTEM not set).
2024-07-28 16:22:43.433 [info] > git rev-parse --show-toplevel [20ms]
2024-07-28 16:22:43.434 [info] fatal: not a git repository (or any parent up to mount point /)
Stopping at filesystem boundary (GIT_DISCOVERY_ACROSS_FILESYSTEM not set).
