2024-08-04 08:14:02.043 [info] WARNING:pygls.protocol:Cancel notification for unknown message id "5"

2024-08-04 08:27:16.875 [info] WARNING:pygls.protocol:Cancel notification for unknown message id "77"

2024-08-04 08:27:16.878 [info] WARNING:pygls.protocol:Cancel notification for unknown message id "76"

2024-08-04 08:27:23.229 [info] WARNING:pygls.protocol:Cancel notification for unknown message id "87"

2024-08-04 08:27:23.853 [info] WARNING:pygls.protocol:Cancel notification for unknown message id "88"

2024-08-04 08:27:24.897 [info] WARNING:pygls.protocol:Cancel notification for unknown message id "90"

2024-08-04 08:27:28.821 [info] WARNING:pygls.protocol:Cancel notification for unknown message id "96"

2024-08-04 08:27:29.354 [info] WARNING:pygls.protocol:Cancel notification for unknown message id "97"

2024-08-04 08:27:29.872 [info] WARNING:pygls.protocol:Cancel notification for unknown message id "98"

2024-08-04 08:27:30.387 [info] WARNING:pygls.protocol:Cancel notification for unknown message id "99"

2024-08-04 08:27:30.917 [info] WARNING:pygls.protocol:Cancel notification for unknown message id "101"

2024-08-04 08:27:32.317 [info] WARNING:pygls.protocol:Cancel notification for unknown message id "103"

2024-08-04 08:27:34.587 [info] WARNING:pygls.protocol:Cancel notification for unknown message id "107"

2024-08-04 08:27:35.177 [info] WARNING:pygls.protocol:Cancel notification for unknown message id "108"

2024-08-04 08:27:35.226 [info] WARNING:pygls.protocol:Cancel notification for unknown message id "110"

2024-08-04 08:27:37.349 [info] WARNING:pygls.protocol:Cancel notification for unknown message id "112"

2024-08-04 08:27:37.357 [info] WARNING:pygls.protocol:Cancel notification for unknown message id "113"

2024-08-04 08:27:37.977 [info] WARNING:pygls.protocol:Cancel notification for unknown message id "115"

2024-08-04 08:27:38.579 [info] WARNING:pygls.protocol:Cancel notification for unknown message id "116"

2024-08-04 08:27:39.193 [info] WARNING:pygls.protocol:Cancel notification for unknown message id "117"

2024-08-04 08:27:39.883 [info] WARNING:pygls.protocol:Cancel notification for unknown message id "118"

2024-08-04 08:27:40.432 [info] WARNING:pygls.protocol:Cancel notification for unknown message id "119"

2024-08-04 08:27:41.443 [info] WARNING:pygls.protocol:Cancel notification for unknown message id "120"

2024-08-04 08:27:41.451 [info] WARNING:pygls.protocol:Cancel notification for unknown message id "121"

2024-08-04 08:27:42.133 [info] WARNING:pygls.protocol:Cancel notification for unknown message id "123"

2024-08-04 08:27:42.689 [info] WARNING:pygls.protocol:Cancel notification for unknown message id "124"

2024-08-04 08:27:43.290 [info] WARNING:pygls.protocol:Cancel notification for unknown message id "125"

2024-08-04 08:27:44.063 [info] WARNING:pygls.protocol:Cancel notification for unknown message id "126"

2024-08-04 08:27:44.608 [info] WARNING:pygls.protocol:Cancel notification for unknown message id "127"

2024-08-04 08:27:44.614 [info] WARNING:pygls.protocol:Cancel notification for unknown message id "128"

2024-08-04 08:27:45.143 [info] WARNING:pygls.protocol:Cancel notification for unknown message id "130"

2024-08-04 08:27:45.717 [info] WARNING:pygls.protocol:Cancel notification for unknown message id "131"

2024-08-04 08:27:47.958 [info] WARNING:pygls.protocol:Cancel notification for unknown message id "135"

2024-08-04 08:27:53.013 [info] WARNING:pygls.protocol:Cancel notification for unknown message id "149"

2024-08-04 08:27:55.283 [info] WARNING:pygls.protocol:Cancel notification for unknown message id "163"

2024-08-04 08:27:55.853 [info] WARNING:pygls.protocol:Cancel notification for unknown message id "170"

2024-08-04 08:27:55.879 [info] WARNING:pygls.protocol:Cancel notification for unknown message id "171"

2024-08-04 08:28:00.426 [info] WARNING:pygls.protocol:Cancel notification for unknown message id "195"

2024-08-04 08:28:00.988 [info] WARNING:pygls.protocol:Cancel notification for unknown message id "196"

2024-08-04 08:28:01.552 [info] WARNING:pygls.protocol:Cancel notification for unknown message id "197"

2024-08-04 08:28:02.172 [info] WARNING:pygls.protocol:Cancel notification for unknown message id "198"

2024-08-04 08:28:03.070 [info] WARNING:pygls.protocol:Cancel notification for unknown message id "200"

2024-08-04 08:28:27.739 [info] WARNING:pygls.protocol:Cancel notification for unknown message id "208"

2024-08-04 08:28:29.960 [info] WARNING:pygls.protocol:Cancel notification for unknown message id "209"

2024-08-04 08:28:40.522 [info] WARNING:pygls.protocol:Cancel notification for unknown message id "216"

2024-08-04 08:29:59.108 [info] WARNING:pygls.protocol:Cancel notification for unknown message id "221"

2024-08-04 08:30:05.169 [info] WARNING:pygls.protocol:Cancel notification for unknown message id "222"

2024-08-04 08:30:05.184 [info] WARNING:pygls.protocol:Cancel notification for unknown message id "223"

2024-08-04 08:30:05.208 [info] WARNING:pygls.protocol:Cancel notification for unknown message id "224"

2024-08-04 08:30:05.878 [info] WARNING:pygls.protocol:Cancel notification for unknown message id "226"

2024-08-04 08:30:06.389 [info] WARNING:pygls.protocol:Cancel notification for unknown message id "225"

2024-08-04 08:30:06.396 [info] WARNING:pygls.protocol:Cancel notification for unknown message id "228"

2024-08-04 08:30:06.403 [info] WARNING:pygls.protocol:Cancel notification for unknown message id "229"

2024-08-04 08:30:06.409 [info] WARNING:pygls.protocol:Cancel notification for unknown message id "230"

2024-08-04 08:30:06.974 [info] WARNING:pygls.protocol:Cancel notification for unknown message id "227"

2024-08-04 08:30:08.331 [info] WARNING:pygls.protocol:Cancel notification for unknown message id "232"

2024-08-04 08:30:09.386 [info] WARNING:pygls.protocol:Cancel notification for unknown message id "233"

2024-08-04 08:30:10.440 [info] WARNING:pygls.protocol:Cancel notification for unknown message id "234"

2024-08-04 08:30:11.488 [info] WARNING:pygls.protocol:Cancel notification for unknown message id "235"

2024-08-04 08:30:11.489 [info] WARNING:pygls.protocol:Cancel notification for unknown message id "231"

2024-08-04 08:30:12.825 [info] WARNING:pygls.protocol:Cancel notification for unknown message id "237"

2024-08-04 08:30:13.312 [info] WARNING:pygls.protocol:Cancel notification for unknown message id "236"

2024-08-04 08:30:13.314 [info] WARNING:pygls.protocol:Cancel notification for unknown message id "239"

2024-08-04 08:30:13.556 [info] WARNING:pygls.protocol:Cancel notification for unknown message id "240"

2024-08-04 08:30:13.803 [info] WARNING:pygls.protocol:Cancel notification for unknown message id "241"

2024-08-04 08:30:13.804 [info] WARNING:pygls.protocol:Cancel notification for unknown message id "238"

2024-08-04 08:30:14.104 [info] WARNING:pygls.protocol:Cancel notification for unknown message id "243"

2024-08-04 08:30:14.286 [info] WARNING:pygls.protocol:Cancel notification for unknown message id "242"

2024-08-04 08:30:14.287 [info] WARNING:pygls.protocol:Cancel notification for unknown message id "244"

2024-08-04 08:30:14.288 [info] WARNING:pygls.protocol:Cancel notification for unknown message id "245"

2024-08-04 08:30:26.727 [info] WARNING:pygls.protocol:Cancel notification for unknown message id "252"

2024-08-04 08:32:36.186 [info] WARNING:pygls.protocol:Cancel notification for unknown message id "335"

2024-08-04 08:32:49.187 [info] WARNING:pygls.protocol:Cancel notification for unknown message id "344"

2024-08-04 08:41:03.596 [info] WARNING:pygls.protocol:Cancel notification for unknown message id "451"

2024-08-04 08:41:03.626 [info] WARNING:pygls.protocol:Cancel notification for unknown message id "452"

2024-08-04 08:41:03.631 [info] WARNING:pygls.protocol:Cancel notification for unknown message id "454"

2024-08-04 08:41:26.198 [info] ERROR:pygls.protocol:Failed to handle request 476 textDocument/codeAction CodeActionParams(text_document=TextDocumentIdentifier(uri='file:///home/shahnawaz_nazimali/martproject/orders/app/main.py'), range=191:20-191:20, context=CodeActionContext(diagnostics=[], only=None, trigger_kind=<CodeActionTriggerKind.Automatic: 2>), work_done_token=None, partial_result_token=None)
Traceback (most recent call last):
  File "/google/devshell/editor/code-oss-for-cloud-shell/extensions/ms-python.python/python_files/lib/jedilsp/pygls/protocol.py", line 340, in _handle_request
    self._execute_request(msg_id, handler, params)
  File "/google/devshell/editor/code-oss-for-cloud-shell/extensions/ms-python.python/python_files/lib/jedilsp/pygls/protocol.py", line 264, in _execute_request
    self._send_response(msg_id, handler(params))
  File "/google/devshell/editor/code-oss-for-cloud-shell/extensions/ms-python.python/python_files/lib/jedilsp/jedi_language_server/server.py", line 580, in code_action
    extract_variable_refactoring = jedi_script.extract_variable(
  File "/google/devshell/editor/code-oss-for-cloud-shell/extensions/ms-python.python/python_files/lib/jedilsp/jedi/api/helpers.py", line 487, in wrapper
    return func(self, line, column, *args, **kwargs)
  File "/google/devshell/editor/code-oss-for-cloud-shell/extensions/ms-python.python/python_files/lib/jedilsp/jedi/api/__init__.py", line 628, in extract_variable
    return extract_variable(
  File "/google/devshell/editor/code-oss-for-cloud-shell/extensions/ms-python.python/python_files/lib/jedilsp/jedi/api/refactoring/extract.py", line 19, in extract_variable
    nodes = _find_nodes(module_node, pos, until_pos)
  File "/google/devshell/editor/code-oss-for-cloud-shell/extensions/ms-python.python/python_files/lib/jedilsp/jedi/api/refactoring/extract.py", line 87, in _find_nodes
    nodes = _remove_unwanted_expression_nodes(parent_node, pos, until_pos)
  File "/google/devshell/editor/code-oss-for-cloud-shell/extensions/ms-python.python/python_files/lib/jedilsp/jedi/api/refactoring/extract.py", line 198, in _remove_unwanted_expression_nodes
    nodes[0:1] = _remove_unwanted_expression_nodes(nodes[0], pos, until_pos)
  File "/google/devshell/editor/code-oss-for-cloud-shell/extensions/ms-python.python/python_files/lib/jedilsp/jedi/api/refactoring/extract.py", line 196, in _remove_unwanted_expression_nodes
    nodes = nodes[start_index:end_index + 1]
UnboundLocalError: local variable 'start_index' referenced before assignment

2024-08-04 08:41:26.203 [info] [Error - 8:41:26 AM] Request textDocument/codeAction failed.
2024-08-04 08:41:26.203 [info]   Message: UnboundLocalError: local variable 'start_index' referenced before assignment
  Code: -32602 
{'traceback': ['  File "/google/devshell/editor/code-oss-for-cloud-shell/extensions/ms-python.python/python_files/lib/jedilsp/pygls/protocol.py", line 340, in _handle_request\n    self._execute_request(msg_id, handler, params)\n', '  File "/google/devshell/editor/code-oss-for-cloud-shell/extensions/ms-python.python/python_files/lib/jedilsp/pygls/protocol.py", line 264, in _execute_request\n    self._send_response(msg_id, handler(params))\n', '  File "/google/devshell/editor/code-oss-for-cloud-shell/extensions/ms-python.python/python_files/lib/jedilsp/jedi_language_server/server.py", line 580, in code_action\n    extract_variable_refactoring = jedi_script.extract_variable(\n', '  File "/google/devshell/editor/code-oss-for-cloud-shell/extensions/ms-python.python/python_files/lib/jedilsp/jedi/api/helpers.py", line 487, in wrapper\n    return func(self, line, column, *args, **kwargs)\n', '  File "/google/devshell/editor/code-oss-for-cloud-shell/extensions/ms-python.python/python_files/lib/jedilsp/jedi/api/__init__.py", line 628, in extract_variable\n    return extract_variable(\n', '  File "/google/devshell/editor/code-oss-for-cloud-shell/extensions/ms-python.python/python_files/lib/jedilsp/jedi/api/refactoring/extract.py", line 19, in extract_variable\n    nodes = _find_nodes(module_node, pos, until_pos)\n', '  File "/google/devshell/editor/code-oss-for-cloud-shell/extensions/ms-python.python/python_files/lib/jedilsp/jedi/api/refactoring/extract.py", line 87, in _find_nodes\n    nodes = _remove_unwanted_expression_nodes(parent_node, pos, until_pos)\n', '  File "/google/devshell/editor/code-oss-for-cloud-shell/extensions/ms-python.python/python_files/lib/jedilsp/jedi/api/refactoring/extract.py", line 198, in _remove_unwanted_expression_nodes\n    nodes[0:1] = _remove_unwanted_expression_nodes(nodes[0], pos, until_pos)\n', '  File "/google/devshell/editor/code-oss-for-cloud-shell/extensions/ms-python.python/python_files/lib/jedilsp/jedi/api/refactoring/extract.py", line 196, in _remove_unwanted_expression_nodes\n    nodes = nodes[start_index:end_index + 1]\n']}
2024-08-04 08:41:26.264 [info] WARNING:pygls.protocol:Cancel notification for unknown message id "477"

2024-08-04 08:41:26.739 [info] WARNING:pygls.protocol:Cancel notification for unknown message id "478"

2024-08-04 08:41:27.310 [info] WARNING:pygls.protocol:Cancel notification for unknown message id "479"

2024-08-04 08:41:28.044 [info] WARNING:pygls.protocol:Cancel notification for unknown message id "480"

2024-08-04 08:41:28.416 [info] WARNING:pygls.protocol:Cancel notification for unknown message id "481"

2024-08-04 08:41:28.422 [info] WARNING:pygls.protocol:Cancel notification for unknown message id "482"

2024-08-04 08:41:28.424 [info] WARNING:pygls.protocol:Cancel notification for unknown message id "483"

2024-08-04 08:41:28.432 [info] WARNING:pygls.protocol:Cancel notification for unknown message id "484"

2024-08-04 08:41:28.439 [info] WARNING:pygls.protocol:Cancel notification for unknown message id "485"

2024-08-04 08:41:28.444 [info] WARNING:pygls.protocol:Cancel notification for unknown message id "486"

2024-08-04 08:41:28.450 [info] WARNING:pygls.protocol:Cancel notification for unknown message id "487"

2024-08-04 08:41:28.641 [info] WARNING:pygls.protocol:Cancel notification for unknown message id "488"

2024-08-04 08:41:29.025 [info] WARNING:pygls.protocol:Cancel notification for unknown message id "489"

2024-08-04 08:41:29.027 [info] WARNING:pygls.protocol:Cancel notification for unknown message id "490"

2024-08-04 08:41:29.032 [info] WARNING:pygls.protocol:Cancel notification for unknown message id "491"

2024-08-04 08:41:29.769 [info] WARNING:pygls.protocol:Cancel notification for unknown message id "492"

2024-08-04 08:41:29.772 [info] WARNING:pygls.protocol:Cancel notification for unknown message id "493"

2024-08-04 08:41:29.776 [info] WARNING:pygls.protocol:Cancel notification for unknown message id "494"

2024-08-04 08:41:29.779 [info] WARNING:pygls.protocol:Cancel notification for unknown message id "495"

2024-08-04 08:41:29.786 [info] WARNING:pygls.protocol:Cancel notification for unknown message id "496"

2024-08-04 08:41:29.793 [info] WARNING:pygls.protocol:Cancel notification for unknown message id "476"

2024-08-04 08:41:29.860 [info] WARNING:pygls.protocol:Cancel notification for unknown message id "497"

2024-08-04 08:41:29.867 [info] WARNING:pygls.protocol:Cancel notification for unknown message id "498"

2024-08-04 08:41:29.886 [info] WARNING:pygls.protocol:Cancel notification for unknown message id "499"

2024-08-04 08:41:29.893 [info] WARNING:pygls.protocol:Cancel notification for unknown message id "500"

2024-08-04 08:41:29.949 [info] WARNING:pygls.protocol:Cancel notification for unknown message id "501"

2024-08-04 08:41:29.953 [info] WARNING:pygls.protocol:Cancel notification for unknown message id "503"

2024-08-04 08:41:29.956 [info] WARNING:pygls.protocol:Cancel notification for unknown message id "504"

2024-08-04 08:41:29.963 [info] WARNING:pygls.protocol:Cancel notification for unknown message id "505"

2024-08-04 08:41:29.967 [info] WARNING:pygls.protocol:Cancel notification for unknown message id "506"

2024-08-04 08:41:30.160 [info] WARNING:pygls.protocol:Cancel notification for unknown message id "507"

2024-08-04 08:41:30.164 [info] WARNING:pygls.protocol:Cancel notification for unknown message id "508"

2024-08-04 08:41:30.165 [info] WARNING:pygls.protocol:Cancel notification for unknown message id "502"

2024-08-04 08:42:04.920 [info] WARNING:pygls.protocol:Cancel notification for unknown message id "528"

2024-08-04 08:42:04.922 [info] WARNING:pygls.protocol:Cancel notification for unknown message id "529"

2024-08-04 08:42:05.877 [info] WARNING:pygls.protocol:Cancel notification for unknown message id "530"

2024-08-04 08:42:07.332 [info] WARNING:pygls.protocol:Cancel notification for unknown message id "536"

2024-08-04 08:42:12.744 [info] WARNING:pygls.protocol:Cancel notification for unknown message id "544"

2024-08-04 08:42:15.708 [info] WARNING:pygls.protocol:Cancel notification for unknown message id "548"

2024-08-04 08:42:15.773 [info] WARNING:pygls.protocol:Cancel notification for unknown message id "550"

2024-08-04 08:42:18.519 [info] WARNING:pygls.protocol:Cancel notification for unknown message id "557"

2024-08-04 08:42:30.847 [info] WARNING:pygls.protocol:Cancel notification for unknown message id "574"

2024-08-04 08:42:31.466 [info] WARNING:pygls.protocol:Cancel notification for unknown message id "576"

2024-08-04 08:42:31.466 [info] WARNING:pygls.protocol:Cancel notification for unknown message id "575"

2024-08-04 08:42:31.513 [info] WARNING:pygls.protocol:Cancel notification for unknown message id "578"

2024-08-04 08:42:32.541 [info] WARNING:pygls.protocol:Cancel notification for unknown message id "579"

2024-08-04 08:42:33.125 [info] WARNING:pygls.protocol:Cancel notification for unknown message id "581"

2024-08-04 08:42:34.249 [info] WARNING:pygls.protocol:Cancel notification for unknown message id "583"

2024-08-04 08:42:34.258 [info] WARNING:pygls.protocol:Cancel notification for unknown message id "582"

2024-08-04 08:42:36.586 [info] WARNING:pygls.protocol:Cancel notification for unknown message id "589"

2024-08-04 08:42:37.824 [info] WARNING:pygls.protocol:Cancel notification for unknown message id "593"

2024-08-04 08:42:44.963 [info] WARNING:pygls.protocol:Cancel notification for unknown message id "603"

2024-08-04 08:42:45.005 [info] WARNING:pygls.protocol:Cancel notification for unknown message id "605"

2024-08-04 08:43:41.753 [info] WARNING:pygls.protocol:Cancel notification for unknown message id "644"

2024-08-04 08:43:41.761 [info] WARNING:pygls.protocol:Cancel notification for unknown message id "645"

2024-08-04 08:43:42.414 [info] WARNING:pygls.protocol:Cancel notification for unknown message id "647"

2024-08-04 08:43:43.032 [info] WARNING:pygls.protocol:Cancel notification for unknown message id "646"

2024-08-04 08:43:43.033 [info] WARNING:pygls.protocol:Cancel notification for unknown message id "648"

2024-08-04 08:43:43.594 [info] WARNING:pygls.protocol:Cancel notification for unknown message id "649"

2024-08-04 08:43:44.181 [info] WARNING:pygls.protocol:Cancel notification for unknown message id "651"

2024-08-04 08:43:44.182 [info] WARNING:pygls.protocol:Cancel notification for unknown message id "650"

2024-08-04 08:43:44.843 [info] WARNING:pygls.protocol:Cancel notification for unknown message id "653"

2024-08-04 08:43:47.017 [info] WARNING:pygls.protocol:Cancel notification for unknown message id "657"

2024-08-04 08:43:47.905 [info] WARNING:pygls.protocol:Cancel notification for unknown message id "658"

2024-08-04 08:43:49.656 [info] WARNING:pygls.protocol:Cancel notification for unknown message id "662"

2024-08-04 08:43:49.660 [info] WARNING:pygls.protocol:Cancel notification for unknown message id "663"

2024-08-04 08:43:49.663 [info] WARNING:pygls.protocol:Cancel notification for unknown message id "664"

2024-08-04 08:43:49.666 [info] WARNING:pygls.protocol:Cancel notification for unknown message id "665"

2024-08-04 08:43:52.246 [info] WARNING:pygls.protocol:Cancel notification for unknown message id "669"

2024-08-04 08:43:53.319 [info] WARNING:pygls.protocol:Cancel notification for unknown message id "671"

2024-08-04 08:43:54.138 [info] WARNING:pygls.protocol:Cancel notification for unknown message id "672"

2024-08-04 08:43:54.701 [info] WARNING:pygls.protocol:Cancel notification for unknown message id "673"

2024-08-04 08:43:55.269 [info] WARNING:pygls.protocol:Cancel notification for unknown message id "674"

2024-08-04 08:43:55.874 [info] WARNING:pygls.protocol:Cancel notification for unknown message id "676"

2024-08-04 08:43:55.951 [info] WARNING:pygls.protocol:Cancel notification for unknown message id "678"

2024-08-04 08:43:59.168 [info] WARNING:pygls.protocol:Cancel notification for unknown message id "681"

2024-08-04 08:44:00.090 [info] WARNING:pygls.protocol:Cancel notification for unknown message id "682"

2024-08-04 08:44:08.959 [info] WARNING:pygls.protocol:Cancel notification for unknown message id "686"

2024-08-04 08:44:10.809 [info] WARNING:pygls.protocol:Cancel notification for unknown message id "687"

2024-08-04 08:44:12.163 [info] WARNING:pygls.protocol:Cancel notification for unknown message id "688"

2024-08-04 08:44:13.736 [info] WARNING:pygls.protocol:Cancel notification for unknown message id "690"

2024-08-04 08:44:14.688 [info] WARNING:pygls.protocol:Cancel notification for unknown message id "689"

2024-08-04 08:44:14.695 [info] WARNING:pygls.protocol:Cancel notification for unknown message id "691"

2024-08-04 08:44:15.254 [info] WARNING:pygls.protocol:Cancel notification for unknown message id "693"

2024-08-04 08:44:16.043 [info] WARNING:pygls.protocol:Cancel notification for unknown message id "694"

2024-08-04 08:44:17.256 [info] WARNING:pygls.protocol:Cancel notification for unknown message id "695"

2024-08-04 08:44:17.258 [info] WARNING:pygls.protocol:Cancel notification for unknown message id "692"

2024-08-04 08:44:18.557 [info] WARNING:pygls.protocol:Cancel notification for unknown message id "697"

2024-08-04 08:44:20.249 [info] WARNING:pygls.protocol:Cancel notification for unknown message id "698"

2024-08-04 08:44:20.250 [info] WARNING:pygls.protocol:Cancel notification for unknown message id "699"

2024-08-04 08:44:45.180 [info] WARNING:pygls.protocol:Cancel notification for unknown message id "708"

2024-08-04 08:44:45.762 [info] WARNING:pygls.protocol:Cancel notification for unknown message id "709"

2024-08-04 08:44:46.350 [info] WARNING:pygls.protocol:Cancel notification for unknown message id "710"

2024-08-04 08:44:48.892 [info] WARNING:pygls.protocol:Cancel notification for unknown message id "713"

2024-08-04 08:44:49.762 [info] WARNING:pygls.protocol:Cancel notification for unknown message id "715"

2024-08-04 08:44:50.261 [info] WARNING:pygls.protocol:Cancel notification for unknown message id "716"

2024-08-04 08:45:48.064 [info] WARNING:pygls.protocol:Cancel notification for unknown message id "726"

2024-08-04 08:45:50.067 [info] WARNING:pygls.protocol:Cancel notification for unknown message id "731"

2024-08-04 08:45:53.836 [info] WARNING:pygls.protocol:Cancel notification for unknown message id "737"

2024-08-04 08:45:53.876 [info] WARNING:pygls.protocol:Cancel notification for unknown message id "739"

2024-08-04 08:45:53.915 [info] WARNING:pygls.protocol:Cancel notification for unknown message id "740"

2024-08-04 08:46:10.085 [info] WARNING:pygls.protocol:Cancel notification for unknown message id "754"

2024-08-04 08:46:12.202 [info] WARNING:pygls.protocol:Cancel notification for unknown message id "756"

2024-08-04 08:46:12.787 [info] WARNING:pygls.protocol:Cancel notification for unknown message id "758"

2024-08-04 08:46:13.760 [info] WARNING:pygls.protocol:Cancel notification for unknown message id "761"

2024-08-04 08:46:16.286 [info] WARNING:pygls.protocol:Cancel notification for unknown message id "765"

2024-08-04 08:46:32.468 [info] WARNING:pygls.protocol:Cancel notification for unknown message id "777"

2024-08-04 08:46:32.505 [info] WARNING:pygls.protocol:Cancel notification for unknown message id "779"

2024-08-04 08:46:33.453 [info] WARNING:pygls.protocol:Cancel notification for unknown message id "781"

2024-08-04 08:46:53.715 [info] WARNING:pygls.protocol:Cancel notification for unknown message id "810"

2024-08-04 08:46:53.728 [info] WARNING:pygls.protocol:Cancel notification for unknown message id "811"

2024-08-04 08:46:56.824 [info] WARNING:pygls.protocol:Cancel notification for unknown message id "818"

2024-08-04 08:46:57.380 [info] WARNING:pygls.protocol:Cancel notification for unknown message id "820"

2024-08-04 08:47:00.354 [info] WARNING:pygls.protocol:Cancel notification for unknown message id "825"

2024-08-04 08:47:01.356 [info] WARNING:pygls.protocol:Cancel notification for unknown message id "826"

2024-08-04 08:47:17.222 [info] WARNING:pygls.protocol:Cancel notification for unknown message id "830"

2024-08-04 08:47:20.811 [info] WARNING:pygls.protocol:Cancel notification for unknown message id "833"

2024-08-04 08:47:26.421 [info] WARNING:pygls.protocol:Cancel notification for unknown message id "840"

2024-08-04 08:47:27.152 [info] WARNING:pygls.protocol:Cancel notification for unknown message id "842"

2024-08-04 08:47:27.716 [info] WARNING:pygls.protocol:Cancel notification for unknown message id "844"

2024-08-04 08:47:27.716 [info] WARNING:pygls.protocol:Cancel notification for unknown message id "843"

2024-08-04 08:47:28.266 [info] WARNING:pygls.protocol:Cancel notification for unknown message id "846"

2024-08-04 08:47:28.267 [info] WARNING:pygls.protocol:Cancel notification for unknown message id "845"

2024-08-04 08:47:28.272 [info] WARNING:pygls.protocol:Cancel notification for unknown message id "847"

2024-08-04 08:47:28.275 [info] WARNING:pygls.protocol:Cancel notification for unknown message id "848"

2024-08-04 08:47:37.702 [info] WARNING:pygls.protocol:Cancel notification for unknown message id "861"

2024-08-04 08:47:37.705 [info] WARNING:pygls.protocol:Cancel notification for unknown message id "862"

2024-08-04 08:48:20.342 [info] WARNING:pygls.protocol:Cancel notification for unknown message id "872"

2024-08-04 08:48:20.567 [info] WARNING:pygls.protocol:Cancel notification for unknown message id "874"

2024-08-04 08:48:21.471 [info] WARNING:pygls.protocol:Cancel notification for unknown message id "876"

2024-08-04 08:48:26.379 [info] WARNING:pygls.protocol:Cancel notification for unknown message id "881"

2024-08-04 08:48:45.916 [info] WARNING:pygls.protocol:Cancel notification for unknown message id "888"

2024-08-04 08:48:55.806 [info] WARNING:pygls.protocol:Cancel notification for unknown message id "890"

2024-08-04 08:48:55.812 [info] WARNING:pygls.protocol:Cancel notification for unknown message id "889"

2024-08-04 08:48:56.358 [info] WARNING:pygls.protocol:Cancel notification for unknown message id "892"

2024-08-04 08:48:56.884 [info] WARNING:pygls.protocol:Cancel notification for unknown message id "893"

2024-08-04 08:48:57.428 [info] WARNING:pygls.protocol:Cancel notification for unknown message id "894"

2024-08-04 08:48:57.980 [info] WARNING:pygls.protocol:Cancel notification for unknown message id "895"

2024-08-04 08:48:58.520 [info] WARNING:pygls.protocol:Cancel notification for unknown message id "896"

2024-08-04 08:48:58.521 [info] WARNING:pygls.protocol:Cancel notification for unknown message id "891"

2024-08-04 08:48:58.754 [info] WARNING:pygls.protocol:Cancel notification for unknown message id "898"

2024-08-04 08:48:59.459 [info] WARNING:pygls.protocol:Cancel notification for unknown message id "897"

2024-08-04 08:48:59.459 [info] WARNING:pygls.protocol:Cancel notification for unknown message id "900"

2024-08-04 08:49:00.165 [info] WARNING:pygls.protocol:Cancel notification for unknown message id "901"

2024-08-04 08:49:00.865 [info] WARNING:pygls.protocol:Cancel notification for unknown message id "902"

2024-08-04 08:49:01.576 [info] WARNING:pygls.protocol:Cancel notification for unknown message id "903"

2024-08-04 08:49:01.577 [info] WARNING:pygls.protocol:Cancel notification for unknown message id "899"

2024-08-04 08:49:01.979 [info] WARNING:pygls.protocol:Cancel notification for unknown message id "905"

2024-08-04 08:49:02.239 [info] WARNING:pygls.protocol:Cancel notification for unknown message id "906"

2024-08-04 08:49:46.830 [info] WARNING:pygls.protocol:Cancel notification for unknown message id "934"

2024-08-04 08:49:47.218 [info] WARNING:pygls.protocol:Cancel notification for unknown message id "935"

2024-08-04 08:49:54.765 [info] WARNING:pygls.protocol:Cancel notification for unknown message id "944"

2024-08-04 08:49:55.049 [info] WARNING:pygls.protocol:Cancel notification for unknown message id "945"

2024-08-04 08:50:07.886 [info] WARNING:pygls.protocol:Cancel notification for unknown message id "970"

2024-08-04 08:50:07.896 [info] WARNING:pygls.protocol:Cancel notification for unknown message id "971"

2024-08-04 08:50:10.362 [info] WARNING:pygls.protocol:Cancel notification for unknown message id "974"

2024-08-04 08:50:13.407 [info] WARNING:pygls.protocol:Cancel notification for unknown message id "981"

2024-08-04 08:50:14.442 [info] WARNING:pygls.protocol:Cancel notification for unknown message id "982"

2024-08-04 08:50:15.083 [info] WARNING:pygls.protocol:Cancel notification for unknown message id "983"

2024-08-04 08:50:15.993 [info] WARNING:pygls.protocol:Cancel notification for unknown message id "986"

2024-08-04 08:50:19.149 [info] WARNING:pygls.protocol:Cancel notification for unknown message id "992"

2024-08-04 08:50:19.724 [info] WARNING:pygls.protocol:Cancel notification for unknown message id "994"

2024-08-04 08:50:19.914 [info] WARNING:pygls.protocol:Cancel notification for unknown message id "995"

2024-08-04 08:50:21.420 [info] WARNING:pygls.protocol:Cancel notification for unknown message id "1000"

2024-08-04 08:50:24.499 [info] WARNING:pygls.protocol:Cancel notification for unknown message id "1004"

2024-08-04 08:50:25.036 [info] WARNING:pygls.protocol:Cancel notification for unknown message id "1006"

2024-08-04 08:50:28.970 [info] WARNING:pygls.protocol:Cancel notification for unknown message id "1012"

2024-08-04 08:50:40.413 [info] WARNING:pygls.protocol:Cancel notification for unknown message id "1016"

2024-08-04 08:50:40.930 [info] WARNING:pygls.protocol:Cancel notification for unknown message id "1018"

2024-08-04 08:50:41.456 [info] WARNING:pygls.protocol:Cancel notification for unknown message id "1019"

2024-08-04 08:50:41.973 [info] WARNING:pygls.protocol:Cancel notification for unknown message id "1020"

2024-08-04 08:50:41.974 [info] WARNING:pygls.protocol:Cancel notification for unknown message id "1017"

2024-08-04 08:50:42.473 [info] WARNING:pygls.protocol:Cancel notification for unknown message id "1022"

2024-08-04 08:50:43.275 [info] WARNING:pygls.protocol:Cancel notification for unknown message id "1023"

2024-08-04 08:50:43.276 [info] WARNING:pygls.protocol:Cancel notification for unknown message id "1021"

2024-08-04 08:50:43.282 [info] WARNING:pygls.protocol:Cancel notification for unknown message id "1024"

2024-08-04 08:50:44.513 [info] WARNING:pygls.protocol:Cancel notification for unknown message id "1025"

2024-08-04 08:50:44.522 [info] WARNING:pygls.protocol:Cancel notification for unknown message id "1027"

2024-08-04 08:50:44.528 [info] WARNING:pygls.protocol:Cancel notification for unknown message id "1028"

2024-08-04 08:50:44.529 [info] WARNING:pygls.protocol:Cancel notification for unknown message id "1026"

2024-08-04 08:50:44.540 [info] WARNING:pygls.protocol:Cancel notification for unknown message id "1029"

2024-08-04 08:50:45.072 [info] WARNING:pygls.protocol:Cancel notification for unknown message id "1031"

2024-08-04 08:50:45.595 [info] WARNING:pygls.protocol:Cancel notification for unknown message id "1030"

2024-08-04 08:50:45.598 [info] WARNING:pygls.protocol:Cancel notification for unknown message id "1033"

2024-08-04 08:50:45.602 [info] WARNING:pygls.protocol:Cancel notification for unknown message id "1034"

2024-08-04 08:50:45.607 [info] WARNING:pygls.protocol:Cancel notification for unknown message id "1035"

2024-08-04 08:50:45.614 [info] WARNING:pygls.protocol:Cancel notification for unknown message id "1036"

2024-08-04 08:50:45.620 [info] WARNING:pygls.protocol:Cancel notification for unknown message id "1037"

2024-08-04 08:50:45.626 [info] WARNING:pygls.protocol:Cancel notification for unknown message id "1038"

2024-08-04 08:50:45.629 [info] WARNING:pygls.protocol:Cancel notification for unknown message id "1032"

2024-08-04 08:50:45.638 [info] WARNING:pygls.protocol:Cancel notification for unknown message id "1039"

2024-08-04 08:50:45.639 [info] WARNING:pygls.protocol:Cancel notification for unknown message id "1040"

2024-08-04 08:50:45.649 [info] WARNING:pygls.protocol:Cancel notification for unknown message id "1041"

2024-08-04 08:50:45.658 [info] WARNING:pygls.protocol:Cancel notification for unknown message id "1042"

2024-08-04 08:50:45.665 [info] WARNING:pygls.protocol:Cancel notification for unknown message id "1044"

2024-08-04 08:50:45.669 [info] WARNING:pygls.protocol:Cancel notification for unknown message id "1045"

2024-08-04 08:50:45.675 [info] WARNING:pygls.protocol:Cancel notification for unknown message id "1046"

2024-08-04 08:50:45.676 [info] WARNING:pygls.protocol:Cancel notification for unknown message id "1043"

2024-08-04 08:50:45.682 [info] WARNING:pygls.protocol:Cancel notification for unknown message id "1047"

2024-08-04 08:50:48.383 [info] WARNING:pygls.protocol:Cancel notification for unknown message id "1050"

2024-08-04 08:50:49.489 [info] WARNING:pygls.protocol:Cancel notification for unknown message id "1052"

2024-08-04 08:50:58.479 [info] WARNING:pygls.protocol:Cancel notification for unknown message id "1063"

2024-08-04 08:50:59.663 [info] WARNING:pygls.protocol:Cancel notification for unknown message id "1065"

2024-08-04 08:51:00.655 [info] WARNING:pygls.protocol:Cancel notification for unknown message id "1066"

2024-08-04 08:51:01.423 [info] WARNING:pygls.protocol:Cancel notification for unknown message id "1067"

2024-08-04 08:51:02.395 [info] WARNING:pygls.protocol:Cancel notification for unknown message id "1068"

2024-08-04 08:51:02.397 [info] WARNING:pygls.protocol:Cancel notification for unknown message id "1064"

2024-08-04 08:51:02.422 [info] WARNING:pygls.protocol:Cancel notification for unknown message id "1069"

2024-08-04 08:51:03.361 [info] WARNING:pygls.protocol:Cancel notification for unknown message id "1071"

2024-08-04 08:51:04.342 [info] WARNING:pygls.protocol:Cancel notification for unknown message id "1072"

2024-08-04 08:51:04.903 [info] WARNING:pygls.protocol:Cancel notification for unknown message id "1073"

2024-08-04 08:51:05.444 [info] WARNING:pygls.protocol:Cancel notification for unknown message id "1074"

2024-08-04 08:51:05.444 [info] WARNING:pygls.protocol:Cancel notification for unknown message id "1070"

2024-08-04 08:51:05.994 [info] WARNING:pygls.protocol:Cancel notification for unknown message id "1076"

2024-08-04 08:51:06.515 [info] WARNING:pygls.protocol:Cancel notification for unknown message id "1077"

2024-08-04 08:51:07.065 [info] WARNING:pygls.protocol:Cancel notification for unknown message id "1075"

2024-08-04 08:51:07.070 [info] WARNING:pygls.protocol:Cancel notification for unknown message id "1078"

2024-08-04 08:51:07.620 [info] WARNING:pygls.protocol:Cancel notification for unknown message id "1080"

2024-08-04 08:51:07.621 [info] WARNING:pygls.protocol:Cancel notification for unknown message id "1079"

2024-08-04 08:51:15.688 [info] WARNING:pygls.protocol:Cancel notification for unknown message id "1084"

2024-08-04 08:51:15.692 [info] WARNING:pygls.protocol:Cancel notification for unknown message id "1085"

2024-08-04 08:51:15.708 [info] WARNING:pygls.protocol:Cancel notification for unknown message id "1086"

2024-08-04 08:51:15.713 [info] WARNING:pygls.protocol:Cancel notification for unknown message id "1087"

2024-08-04 08:51:15.717 [info] WARNING:pygls.protocol:Cancel notification for unknown message id "1088"

2024-08-04 08:51:15.719 [info] WARNING:pygls.protocol:Cancel notification for unknown message id "1089"

2024-08-04 08:51:15.722 [info] WARNING:pygls.protocol:Cancel notification for unknown message id "1090"

2024-08-04 08:51:15.727 [info] WARNING:pygls.protocol:Cancel notification for unknown message id "1091"

2024-08-04 08:51:15.734 [info] WARNING:pygls.protocol:Cancel notification for unknown message id "1092"

2024-08-04 08:51:15.739 [info] WARNING:pygls.protocol:Cancel notification for unknown message id "1093"

2024-08-04 08:51:15.744 [info] WARNING:pygls.protocol:Cancel notification for unknown message id "1094"

2024-08-04 08:51:15.750 [info] WARNING:pygls.protocol:Cancel notification for unknown message id "1095"
WARNING:pygls.protocol:Cancel notification for unknown message id "1083"

2024-08-04 08:51:15.761 [info] WARNING:pygls.protocol:Cancel notification for unknown message id "1096"

2024-08-04 08:51:15.784 [info] WARNING:pygls.protocol:Cancel notification for unknown message id "1097"

2024-08-04 08:51:15.796 [info] WARNING:pygls.protocol:Cancel notification for unknown message id "1099"

2024-08-04 08:51:15.801 [info] WARNING:pygls.protocol:Cancel notification for unknown message id "1100"

2024-08-04 08:51:15.803 [info] WARNING:pygls.protocol:Cancel notification for unknown message id "1101"

2024-08-04 08:51:15.805 [info] WARNING:pygls.protocol:Cancel notification for unknown message id "1102"

2024-08-04 08:51:15.806 [info] WARNING:pygls.protocol:Cancel notification for unknown message id "1098"

2024-08-04 08:51:15.830 [info] WARNING:pygls.protocol:Cancel notification for unknown message id "1103"

2024-08-04 08:51:15.856 [info] WARNING:pygls.protocol:Cancel notification for unknown message id "1105"

2024-08-04 08:51:15.859 [info] WARNING:pygls.protocol:Cancel notification for unknown message id "1106"

2024-08-04 08:51:15.863 [info] WARNING:pygls.protocol:Cancel notification for unknown message id "1107"

2024-08-04 08:51:15.865 [info] WARNING:pygls.protocol:Cancel notification for unknown message id "1108"

2024-08-04 08:51:15.867 [info] WARNING:pygls.protocol:Cancel notification for unknown message id "1109"

2024-08-04 08:51:15.869 [info] WARNING:pygls.protocol:Cancel notification for unknown message id "1110"

2024-08-04 08:51:15.874 [info] WARNING:pygls.protocol:Cancel notification for unknown message id "1111"

2024-08-04 08:51:15.880 [info] WARNING:pygls.protocol:Cancel notification for unknown message id "1112"

2024-08-04 08:51:15.882 [info] WARNING:pygls.protocol:Cancel notification for unknown message id "1113"

2024-08-04 08:51:15.884 [info] WARNING:pygls.protocol:Cancel notification for unknown message id "1114"

2024-08-04 08:51:15.886 [info] WARNING:pygls.protocol:Cancel notification for unknown message id "1115"

2024-08-04 08:51:15.889 [info] WARNING:pygls.protocol:Cancel notification for unknown message id "1116"

2024-08-04 08:51:15.891 [info] WARNING:pygls.protocol:Cancel notification for unknown message id "1117"

2024-08-04 08:54:05.481 [info] WARNING:pygls.protocol:Cancel notification for unknown message id "1175"

2024-08-04 08:54:19.082 [info] WARNING:pygls.protocol:Cancel notification for unknown message id "1176"

2024-08-04 08:54:51.824 [info] WARNING:pygls.protocol:Cancel notification for unknown message id "1194"

2024-08-04 08:57:09.122 [info] WARNING:pygls.protocol:Cancel notification for unknown message id "1215"

2024-08-04 08:57:10.013 [info] WARNING:pygls.protocol:Cancel notification for unknown message id "1218"

2024-08-04 08:57:10.558 [info] WARNING:pygls.protocol:Cancel notification for unknown message id "1219"

2024-08-04 08:57:10.565 [info] WARNING:pygls.protocol:Cancel notification for unknown message id "1220"

2024-08-04 08:57:13.085 [info] WARNING:pygls.protocol:Cancel notification for unknown message id "1225"

2024-08-04 08:57:53.490 [info] WARNING:pygls.protocol:Cancel notification for unknown message id "1243"

2024-08-04 08:57:54.043 [info] WARNING:pygls.protocol:Cancel notification for unknown message id "1245"

2024-08-04 08:57:54.048 [info] WARNING:pygls.protocol:Cancel notification for unknown message id "1246"

2024-08-04 09:00:55.710 [info] WARNING:pygls.protocol:Cancel notification for unknown message id "1265"

2024-08-04 09:00:56.876 [info] WARNING:pygls.protocol:Cancel notification for unknown message id "1267"

2024-08-04 09:02:42.877 [info] WARNING:pygls.protocol:Cancel notification for unknown message id "1280"

2024-08-04 09:02:44.470 [info] WARNING:pygls.protocol:Cancel notification for unknown message id "1286"

2024-08-04 09:04:37.101 [info] WARNING:pygls.protocol:Cancel notification for unknown message id "1356"

2024-08-04 09:12:04.542 [info] WARNING:pygls.protocol:Cancel notification for unknown message id "1411"

2024-08-04 09:15:08.406 [info] WARNING:pygls.protocol:Cancel notification for unknown message id "1441"

2024-08-04 09:15:08.419 [info] WARNING:pygls.protocol:Cancel notification for unknown message id "1442"

2024-08-04 09:15:08.717 [info] WARNING:pygls.protocol:Cancel notification for unknown message id "1443"

2024-08-04 09:15:52.924 [info] WARNING:pygls.protocol:Cancel notification for unknown message id "1454"

2024-08-04 09:15:53.193 [info] WARNING:pygls.protocol:Cancel notification for unknown message id "1455"

2024-08-04 09:15:57.417 [info] WARNING:pygls.protocol:Cancel notification for unknown message id "1464"

2024-08-04 09:15:59.059 [info] WARNING:pygls.protocol:Cancel notification for unknown message id "1467"

2024-08-04 09:17:46.636 [info] WARNING:pygls.protocol:Cancel notification for unknown message id "1478"

2024-08-04 09:21:12.085 [info] WARNING:pygls.protocol:Cancel notification for unknown message id "1482"

2024-08-04 09:21:43.040 [info] WARNING:pygls.protocol:Cancel notification for unknown message id "1490"

2024-08-04 09:21:52.077 [info] WARNING:pygls.protocol:Cancel notification for unknown message id "1491"

2024-08-04 09:21:59.681 [info] WARNING:pygls.protocol:Cancel notification for unknown message id "1492"

2024-08-04 09:21:59.682 [info] WARNING:pygls.protocol:Cancel notification for unknown message id "1493"

2024-08-04 09:21:59.689 [info] WARNING:pygls.protocol:Cancel notification for unknown message id "1494"

2024-08-04 09:21:59.928 [info] WARNING:pygls.protocol:Cancel notification for unknown message id "1495"

2024-08-04 09:21:59.929 [info] WARNING:pygls.protocol:Cancel notification for unknown message id "1496"

2024-08-04 09:23:36.849 [info] WARNING:pygls.protocol:Cancel notification for unknown message id "1501"

2024-08-04 09:31:29.740 [info] WARNING:pygls.protocol:Cancel notification for unknown message id "1518"

2024-08-04 09:31:44.788 [info] WARNING:pygls.protocol:Cancel notification for unknown message id "1519"

2024-08-04 09:31:44.793 [info] WARNING:pygls.protocol:Cancel notification for unknown message id "1520"

2024-08-04 09:31:44.813 [info] WARNING:pygls.protocol:Cancel notification for unknown message id "1521"

2024-08-04 09:31:44.852 [info] WARNING:pygls.protocol:Cancel notification for unknown message id "1522"

2024-08-04 09:31:52.448 [info] WARNING:pygls.protocol:Cancel notification for unknown message id "1523"

2024-08-04 09:31:52.453 [info] WARNING:pygls.protocol:Cancel notification for unknown message id "1524"

2024-08-04 09:31:52.473 [info] WARNING:pygls.protocol:Cancel notification for unknown message id "1525"

2024-08-04 09:31:52.515 [info] WARNING:pygls.protocol:Cancel notification for unknown message id "1526"

2024-08-04 09:32:36.031 [info] WARNING:pygls.protocol:Cancel notification for unknown message id "1545"

2024-08-04 09:32:36.034 [info] WARNING:pygls.protocol:Cancel notification for unknown message id "1546"

2024-08-04 09:32:36.036 [info] WARNING:pygls.protocol:Cancel notification for unknown message id "1547"

2024-08-04 09:32:36.737 [info] WARNING:pygls.protocol:Cancel notification for unknown message id "1549"

2024-08-04 09:32:36.740 [info] WARNING:pygls.protocol:Cancel notification for unknown message id "1550"

2024-08-04 09:32:39.540 [info] WARNING:pygls.protocol:Cancel notification for unknown message id "1553"

2024-08-04 09:32:40.731 [info] WARNING:pygls.protocol:Cancel notification for unknown message id "1555"

2024-08-04 09:32:41.690 [info] WARNING:pygls.protocol:Cancel notification for unknown message id "1556"

2024-08-04 09:32:42.493 [info] WARNING:pygls.protocol:Cancel notification for unknown message id "1557"

2024-08-04 09:32:43.016 [info] WARNING:pygls.protocol:Cancel notification for unknown message id "1558"

2024-08-04 09:32:43.552 [info] WARNING:pygls.protocol:Cancel notification for unknown message id "1559"

2024-08-04 09:32:43.769 [info] WARNING:pygls.protocol:Cancel notification for unknown message id "1561"

2024-08-04 09:32:58.786 [info] WARNING:pygls.protocol:Cancel notification for unknown message id "1573"

2024-08-04 09:33:06.451 [info] WARNING:pygls.protocol:Cancel notification for unknown message id "1574"

2024-08-04 09:33:15.505 [info] WARNING:pygls.protocol:Cancel notification for unknown message id "1575"

2024-08-04 09:33:15.720 [info] WARNING:pygls.protocol:Cancel notification for unknown message id "1577"

2024-08-04 09:33:15.940 [info] WARNING:pygls.protocol:Cancel notification for unknown message id "1578"

2024-08-04 09:33:16.157 [info] WARNING:pygls.protocol:Cancel notification for unknown message id "1579"

2024-08-04 09:33:16.158 [info] WARNING:pygls.protocol:Cancel notification for unknown message id "1576"

2024-08-04 09:42:00.577 [info] WARNING:pygls.protocol:Cancel notification for unknown message id "1593"

2024-08-04 09:42:35.783 [info] WARNING:pygls.protocol:Cancel notification for unknown message id "1610"

2024-08-04 09:42:36.929 [info] WARNING:pygls.protocol:Cancel notification for unknown message id "1612"

2024-08-04 09:42:36.935 [info] WARNING:pygls.protocol:Cancel notification for unknown message id "1613"

2024-08-04 09:42:36.940 [info] WARNING:pygls.protocol:Cancel notification for unknown message id "1614"

2024-08-04 09:42:36.947 [info] WARNING:pygls.protocol:Cancel notification for unknown message id "1615"

2024-08-04 09:42:36.947 [info] WARNING:pygls.protocol:Cancel notification for unknown message id "1611"

2024-08-04 09:43:46.969 [info] WARNING:pygls.protocol:Cancel notification for unknown message id "1636"

2024-08-04 09:43:49.406 [info] WARNING:pygls.protocol:Cancel notification for unknown message id "1641"

2024-08-04 09:43:50.822 [info] WARNING:pygls.protocol:Cancel notification for unknown message id "1643"

2024-08-04 09:43:51.391 [info] WARNING:pygls.protocol:Cancel notification for unknown message id "1645"

2024-08-04 09:43:52.418 [info] WARNING:pygls.protocol:Cancel notification for unknown message id "1646"

2024-08-04 09:43:53.018 [info] WARNING:pygls.protocol:Cancel notification for unknown message id "1647"

2024-08-04 09:43:53.026 [info] WARNING:pygls.protocol:Cancel notification for unknown message id "1648"

2024-08-04 09:44:56.410 [info] WARNING:pygls.protocol:Cancel notification for unknown message id "1652"

2024-08-04 09:45:01.884 [info] WARNING:pygls.protocol:Cancel notification for unknown message id "1656"

2024-08-04 09:52:00.787 [info] WARNING:pygls.protocol:Cancel notification for unknown message id "1679"

2024-08-04 09:52:10.315 [info] WARNING:pygls.protocol:Cancel notification for unknown message id "1680"

2024-08-04 09:52:10.325 [info] WARNING:pygls.protocol:Cancel notification for unknown message id "1681"

2024-08-04 09:52:10.549 [info] WARNING:pygls.protocol:Cancel notification for unknown message id "1682"

2024-08-04 09:52:10.560 [info] WARNING:pygls.protocol:Cancel notification for unknown message id "1683"

2024-08-04 09:52:10.613 [info] WARNING:pygls.protocol:Cancel notification for unknown message id "1685"

2024-08-04 09:52:10.636 [info] WARNING:pygls.protocol:Cancel notification for unknown message id "1686"

2024-08-04 09:52:10.649 [info] WARNING:pygls.protocol:Cancel notification for unknown message id "1687"

2024-08-04 09:52:10.662 [info] WARNING:pygls.protocol:Cancel notification for unknown message id "1688"

2024-08-04 09:52:10.675 [info] WARNING:pygls.protocol:Cancel notification for unknown message id "1689"

2024-08-04 09:52:10.676 [info] WARNING:pygls.protocol:Cancel notification for unknown message id "1684"

2024-08-04 09:52:10.702 [info] WARNING:pygls.protocol:Cancel notification for unknown message id "1691"

2024-08-04 09:52:10.725 [info] WARNING:pygls.protocol:Cancel notification for unknown message id "1690"

2024-08-04 09:52:29.293 [info] WARNING:pygls.protocol:Cancel notification for unknown message id "1698"

2024-08-04 09:52:39.625 [info] WARNING:pygls.protocol:Cancel notification for unknown message id "1699"

2024-08-04 09:53:07.282 [info] WARNING:pygls.protocol:Cancel notification for unknown message id "1717"

2024-08-04 09:53:07.986 [info] WARNING:pygls.protocol:Cancel notification for unknown message id "1718"

2024-08-04 10:00:38.294 [info] WARNING:pygls.protocol:Cancel notification for unknown message id "1728"

2024-08-04 10:00:39.209 [info] WARNING:pygls.protocol:Cancel notification for unknown message id "1730"

2024-08-04 10:02:43.347 [info] WARNING:pygls.protocol:Cancel notification for unknown message id "1736"

2024-08-04 10:03:29.743 [info] WARNING:pygls.protocol:Cancel notification for unknown message id "1741"

2024-08-04 10:16:06.709 [info] WARNING:pygls.protocol:Cancel notification for unknown message id "1806"

2024-08-04 10:16:15.683 [info] WARNING:pygls.protocol:Cancel notification for unknown message id "1807"

2024-08-04 10:16:23.852 [info] WARNING:pygls.protocol:Cancel notification for unknown message id "1808"

2024-08-04 10:16:32.586 [info] WARNING:pygls.protocol:Cancel notification for unknown message id "1809"

2024-08-04 10:16:32.829 [info] WARNING:pygls.protocol:Cancel notification for unknown message id "1811"

2024-08-04 10:16:32.831 [info] WARNING:pygls.protocol:Cancel notification for unknown message id "1810"

2024-08-04 10:16:32.849 [info] WARNING:pygls.protocol:Cancel notification for unknown message id "1812"

2024-08-04 10:16:32.866 [info] WARNING:pygls.protocol:Cancel notification for unknown message id "1813"

2024-08-04 10:16:32.881 [info] WARNING:pygls.protocol:Cancel notification for unknown message id "1814"

2024-08-04 10:16:32.899 [info] WARNING:pygls.protocol:Cancel notification for unknown message id "1815"

2024-08-04 10:16:33.305 [info] WARNING:pygls.protocol:Cancel notification for unknown message id "1816"

2024-08-04 10:16:33.377 [info] WARNING:pygls.protocol:Cancel notification for unknown message id "1817"

2024-08-04 10:16:33.501 [info] WARNING:pygls.protocol:Cancel notification for unknown message id "1818"

2024-08-04 10:16:33.571 [info] WARNING:pygls.protocol:Cancel notification for unknown message id "1819"

2024-08-04 10:16:33.614 [info] WARNING:pygls.protocol:Cancel notification for unknown message id "1821"

2024-08-04 10:16:33.620 [info] WARNING:pygls.protocol:Cancel notification for unknown message id "1820"

2024-08-04 10:16:33.643 [info] WARNING:pygls.protocol:Cancel notification for unknown message id "1823"

2024-08-04 10:16:33.662 [info] WARNING:pygls.protocol:Cancel notification for unknown message id "1824"

2024-08-04 10:17:09.735 [info] WARNING:pygls.protocol:Cancel notification for unknown message id "1834"

2024-08-04 10:19:12.441 [info] WARNING:pygls.protocol:Cancel notification for unknown message id "1841"

2024-08-04 10:22:23.698 [info] WARNING:pygls.protocol:Cancel notification for unknown message id "1868"

2024-08-04 10:22:24.473 [info] WARNING:pygls.protocol:Cancel notification for unknown message id "1870"

2024-08-04 10:22:24.474 [info] WARNING:pygls.protocol:Cancel notification for unknown message id "1871"

2024-08-04 10:22:24.480 [info] WARNING:pygls.protocol:Cancel notification for unknown message id "1872"

2024-08-04 10:22:25.085 [info] WARNING:pygls.protocol:Cancel notification for unknown message id "1874"

2024-08-04 10:28:40.391 [info] WARNING:pygls.protocol:Cancel notification for unknown message id "1882"

2024-08-04 10:38:47.381 [info] WARNING:pygls.protocol:Cancel notification for unknown message id "1940"

2024-08-04 10:38:48.368 [info] WARNING:pygls.protocol:Cancel notification for unknown message id "1941"

2024-08-04 10:38:49.314 [info] WARNING:pygls.protocol:Cancel notification for unknown message id "1942"

2024-08-04 10:38:49.739 [info] WARNING:pygls.protocol:Cancel notification for unknown message id "1943"

2024-08-04 10:39:09.887 [info] WARNING:pygls.protocol:Cancel notification for unknown message id "1948"

2024-08-04 10:41:38.864 [info] WARNING:pygls.protocol:Cancel notification for unknown message id "1953"

2024-08-04 10:41:57.740 [info] WARNING:pygls.protocol:Cancel notification for unknown message id "1962"

2024-08-04 10:41:58.293 [info] WARNING:pygls.protocol:Cancel notification for unknown message id "1963"

2024-08-04 10:41:58.843 [info] WARNING:pygls.protocol:Cancel notification for unknown message id "1965"

2024-08-04 10:41:59.423 [info] WARNING:pygls.protocol:Cancel notification for unknown message id "1966"

2024-08-04 10:42:00.585 [info] WARNING:pygls.protocol:Cancel notification for unknown message id "1967"

2024-08-04 10:42:01.556 [info] WARNING:pygls.protocol:Cancel notification for unknown message id "1968"

2024-08-04 10:45:25.155 [info] WARNING:pygls.protocol:Cancel notification for unknown message id "1995"

2024-08-04 10:45:34.960 [info] WARNING:pygls.protocol:Cancel notification for unknown message id "1996"

2024-08-04 10:45:34.973 [info] WARNING:pygls.protocol:Cancel notification for unknown message id "1997"

2024-08-04 10:45:34.993 [info] WARNING:pygls.protocol:Cancel notification for unknown message id "1998"

2024-08-04 10:45:35.547 [info] WARNING:pygls.protocol:Cancel notification for unknown message id "1999"

2024-08-04 10:45:35.554 [info] WARNING:pygls.protocol:Cancel notification for unknown message id "2001"

2024-08-04 10:45:35.560 [info] WARNING:pygls.protocol:Cancel notification for unknown message id "2000"

2024-08-04 10:45:36.089 [info] WARNING:pygls.protocol:Cancel notification for unknown message id "2002"

2024-08-04 10:45:36.095 [info] WARNING:pygls.protocol:Cancel notification for unknown message id "2003"

2024-08-04 10:45:36.625 [info] WARNING:pygls.protocol:Cancel notification for unknown message id "2005"

2024-08-04 10:45:36.626 [info] WARNING:pygls.protocol:Cancel notification for unknown message id "2004"

2024-08-04 10:45:37.351 [info] WARNING:pygls.protocol:Cancel notification for unknown message id "2006"

2024-08-04 10:45:38.094 [info] WARNING:pygls.protocol:Cancel notification for unknown message id "2007"

2024-08-04 10:45:38.286 [info] WARNING:pygls.protocol:Cancel notification for unknown message id "2010"

2024-08-04 10:45:38.481 [info] WARNING:pygls.protocol:Cancel notification for unknown message id "2011"

2024-08-04 10:45:38.673 [info] WARNING:pygls.protocol:Cancel notification for unknown message id "2012"

2024-08-04 10:45:38.866 [info] WARNING:pygls.protocol:Cancel notification for unknown message id "2008"

2024-08-04 10:45:39.398 [info] WARNING:pygls.protocol:Cancel notification for unknown message id "2014"

2024-08-04 10:45:39.398 [info] WARNING:pygls.protocol:Cancel notification for unknown message id "2009"

2024-08-04 10:45:39.616 [info] WARNING:pygls.protocol:Cancel notification for unknown message id "2013"

2024-08-04 10:45:40.332 [info] WARNING:pygls.protocol:Cancel notification for unknown message id "2017"

2024-08-04 10:45:40.334 [info] WARNING:pygls.protocol:Cancel notification for unknown message id "2016"

2024-08-04 10:45:40.531 [info] WARNING:pygls.protocol:Cancel notification for unknown message id "2018"

2024-08-04 10:45:40.728 [info] WARNING:pygls.protocol:Cancel notification for unknown message id "2019"

2024-08-04 10:45:40.926 [info] WARNING:pygls.protocol:Cancel notification for unknown message id "2015"

2024-08-04 10:45:40.928 [info] WARNING:pygls.protocol:Cancel notification for unknown message id "2020"

2024-08-04 10:45:41.138 [info] WARNING:pygls.protocol:Cancel notification for unknown message id "2022"

2024-08-04 10:45:41.356 [info] WARNING:pygls.protocol:Cancel notification for unknown message id "2021"

2024-08-04 10:45:42.499 [info] WARNING:pygls.protocol:Cancel notification for unknown message id "2025"

2024-08-04 10:45:43.031 [info] WARNING:pygls.protocol:Cancel notification for unknown message id "2026"

2024-08-04 10:51:46.229 [info] WARNING:pygls.protocol:Cancel notification for unknown message id "2036"

2024-08-04 10:52:15.938 [info] WARNING:pygls.protocol:Cancel notification for unknown message id "2045"

2024-08-04 10:52:25.103 [info] WARNING:pygls.protocol:Cancel notification for unknown message id "2047"

2024-08-04 10:52:34.252 [info] WARNING:pygls.protocol:Cancel notification for unknown message id "2046"

2024-08-04 10:52:34.252 [info] WARNING:pygls.protocol:Cancel notification for unknown message id "2048"

