2024-08-04 08:10:38.978 [info] Default formatter is set to null for workspace /home/shahnawaz_nazimali
2024-08-04 08:10:38.978 [info] Test server listening.
2024-08-04 08:10:38.978 [info] Python interpreter path: /bin/python
2024-08-04 08:10:39.246 [info] > pyenv which python
2024-08-04 08:10:39.246 [info] cwd: .
2024-08-04 08:10:41.124 [info] Starting Jedi language server for shahnawaz_nazimali.
2024-08-04 08:25:53.090 [info] Discover tests for workspace name: shahnawaz_nazimali - uri: /home/shahnawaz_nazimali/martproject/inventory copy/pyproject.toml
2024-08-04 08:26:32.122 [info] Discover tests for workspace name: shahnawaz_nazimali - uri: /home/shahnawaz_nazimali/martproject/payment/app/main.py
2024-08-04 08:26:38.996 [info] Discover tests for workspace name: shahnawaz_nazimali - uri: /home/shahnawaz_nazimali/martproject/payment/app/main.py
2024-08-04 08:27:13.630 [info] Discover tests for workspace name: shahnawaz_nazimali - uri: /home/shahnawaz_nazimali/martproject/payment/app/main.py
2024-08-04 08:27:22.182 [info] Discover tests for workspace name: shahnawaz_nazimali - uri: /home/shahnawaz_nazimali/martproject/payment/app/main.py
2024-08-04 08:27:26.949 [info] Discover tests for workspace name: shahnawaz_nazimali - uri: /home/shahnawaz_nazimali/martproject/payment/app/main.py
2024-08-04 08:27:33.979 [info] Discover tests for workspace name: shahnawaz_nazimali - uri: /home/shahnawaz_nazimali/martproject/payment/app/main.py
2024-08-04 08:27:36.315 [info] Discover tests for workspace name: shahnawaz_nazimali - uri: /home/shahnawaz_nazimali/martproject/payment/app/main.py
2024-08-04 08:27:39.902 [info] Discover tests for workspace name: shahnawaz_nazimali - uri: /home/shahnawaz_nazimali/martproject/payment/app/main.py
2024-08-04 08:27:43.880 [info] Discover tests for workspace name: shahnawaz_nazimali - uri: /home/shahnawaz_nazimali/martproject/payment/app/main.py
2024-08-04 08:27:46.864 [info] Discover tests for workspace name: shahnawaz_nazimali - uri: /home/shahnawaz_nazimali/martproject/payment/app/main.py
2024-08-04 08:27:49.650 [info] Discover tests for workspace name: shahnawaz_nazimali - uri: /home/shahnawaz_nazimali/martproject/payment/app/main.py
2024-08-04 08:28:05.153 [info] Discover tests for workspace name: shahnawaz_nazimali - uri: /home/shahnawaz_nazimali/martproject/payment/app/main.py
2024-08-04 08:28:28.720 [info] Discover tests for workspace name: shahnawaz_nazimali - uri: /home/shahnawaz_nazimali/martproject/payment/app/main.py
2024-08-04 08:30:01.613 [info] Discover tests for workspace name: shahnawaz_nazimali - uri: /home/shahnawaz_nazimali/martproject/payment/app/main.py
2024-08-04 08:30:07.912 [info] Discover tests for workspace name: shahnawaz_nazimali - uri: /home/shahnawaz_nazimali/martproject/payment/app/main.py
2024-08-04 08:30:14.622 [info] Discover tests for workspace name: shahnawaz_nazimali - uri: /home/shahnawaz_nazimali/martproject/payment/app/main.py
2024-08-04 08:30:17.061 [info] Discover tests for workspace name: shahnawaz_nazimali - uri: /home/shahnawaz_nazimali/martproject/payment/app/main.py
2024-08-04 08:30:31.349 [info] Discover tests for workspace name: shahnawaz_nazimali - uri: /home/shahnawaz_nazimali/martproject/payment/app/main.py
2024-08-04 08:31:05.483 [info] Discover tests for workspace name: shahnawaz_nazimali - uri: /home/shahnawaz_nazimali/martproject/payment/app/main.py
2024-08-04 08:31:50.530 [info] Discover tests for workspace name: shahnawaz_nazimali - uri: /home/shahnawaz_nazimali/martproject/payment/app/main.py
2024-08-04 08:31:51.788 [info] Discover tests for workspace name: shahnawaz_nazimali - uri: /home/shahnawaz_nazimali/martproject/payment/app/main.py
2024-08-04 08:31:53.901 [info] Discover tests for workspace name: shahnawaz_nazimali - uri: /home/shahnawaz_nazimali/martproject/payment/app/main.py
2024-08-04 08:32:22.469 [info] Discover tests for workspace name: shahnawaz_nazimali - uri: /home/shahnawaz_nazimali/martproject/payment/app/main.py
2024-08-04 08:32:48.213 [info] Discover tests for workspace name: shahnawaz_nazimali - uri: /home/shahnawaz_nazimali/martproject/payment/app/main.py
2024-08-04 08:33:18.648 [info] Discover tests for workspace name: shahnawaz_nazimali - uri: /home/shahnawaz_nazimali/martproject/payment/app/main.py
2024-08-04 08:33:25.359 [info] Discover tests for workspace name: shahnawaz_nazimali - uri: /home/shahnawaz_nazimali/martproject/payment/app/main.py
2024-08-04 08:40:23.307 [info] Discover tests for workspace name: shahnawaz_nazimali - uri: /home/shahnawaz_nazimali/martproject/payment/app/main.py
2024-08-04 08:42:05.234 [info] Discover tests for workspace name: shahnawaz_nazimali - uri: /home/shahnawaz_nazimali/martproject/orders/app/main.py
2024-08-04 08:42:12.022 [info] Discover tests for workspace name: shahnawaz_nazimali - uri: /home/shahnawaz_nazimali/martproject/orders/app/main.py
2024-08-04 08:42:13.412 [info] Discover tests for workspace name: shahnawaz_nazimali - uri: /home/shahnawaz_nazimali/martproject/orders/app/main.py
2024-08-04 08:42:22.375 [info] Discover tests for workspace name: shahnawaz_nazimali - uri: /home/shahnawaz_nazimali/martproject/orders/app/main.py
2024-08-04 08:42:25.532 [info] Discover tests for workspace name: shahnawaz_nazimali - uri: /home/shahnawaz_nazimali/martproject/orders/app/main.py
2024-08-04 08:42:33.787 [info] Discover tests for workspace name: shahnawaz_nazimali - uri: /home/shahnawaz_nazimali/martproject/orders/app/main.py
2024-08-04 08:42:43.077 [info] Discover tests for workspace name: shahnawaz_nazimali - uri: /home/shahnawaz_nazimali/martproject/orders/app/main.py
2024-08-04 08:42:47.289 [info] Discover tests for workspace name: shahnawaz_nazimali - uri: /home/shahnawaz_nazimali/martproject/orders/app/main.py
2024-08-04 08:42:57.732 [info] Discover tests for workspace name: shahnawaz_nazimali - uri: /home/shahnawaz_nazimali/martproject/orders/app/main.py
2024-08-04 08:43:39.652 [info] Discover tests for workspace name: shahnawaz_nazimali - uri: /home/shahnawaz_nazimali/martproject/orders/app/main.py
2024-08-04 08:43:45.924 [info] Discover tests for workspace name: shahnawaz_nazimali - uri: /home/shahnawaz_nazimali/martproject/orders/app/main.py
2024-08-04 08:43:51.655 [info] Discover tests for workspace name: shahnawaz_nazimali - uri: /home/shahnawaz_nazimali/martproject/orders/app/main.py
2024-08-04 08:43:57.241 [info] Discover tests for workspace name: shahnawaz_nazimali - uri: /home/shahnawaz_nazimali/martproject/orders/app/main.py
2024-08-04 08:44:10.275 [info] Discover tests for workspace name: shahnawaz_nazimali - uri: /home/shahnawaz_nazimali/martproject/orders/app/main.py
2024-08-04 08:44:16.247 [info] Discover tests for workspace name: shahnawaz_nazimali - uri: /home/shahnawaz_nazimali/martproject/orders/app/main.py
2024-08-04 08:44:19.824 [info] Discover tests for workspace name: shahnawaz_nazimali - uri: /home/shahnawaz_nazimali/martproject/orders/app/main.py
2024-08-04 08:44:52.260 [info] Discover tests for workspace name: shahnawaz_nazimali - uri: /home/shahnawaz_nazimali/martproject/orders/app/main.py
2024-08-04 08:44:57.812 [info] Discover tests for workspace name: shahnawaz_nazimali - uri: /home/shahnawaz_nazimali/martproject/orders/app/main.py
2024-08-04 08:45:41.009 [info] Discover tests for workspace name: shahnawaz_nazimali - uri: /home/shahnawaz_nazimali/martproject/orders/app/main.py
2024-08-04 08:45:47.888 [info] Discover tests for workspace name: shahnawaz_nazimali - uri: /home/shahnawaz_nazimali/martproject/payment/app/main.py
2024-08-04 08:45:54.336 [info] Discover tests for workspace name: shahnawaz_nazimali - uri: /home/shahnawaz_nazimali/martproject/payment/app/main.py
2024-08-04 08:45:58.464 [info] Discover tests for workspace name: shahnawaz_nazimali - uri: /home/shahnawaz_nazimali/martproject/payment/app/main.py
2024-08-04 08:46:04.790 [info] Discover tests for workspace name: shahnawaz_nazimali - uri: /home/shahnawaz_nazimali/martproject/payment/app/main.py
2024-08-04 08:46:15.024 [info] Discover tests for workspace name: shahnawaz_nazimali - uri: /home/shahnawaz_nazimali/martproject/payment/app/main.py
2024-08-04 08:46:21.824 [info] Discover tests for workspace name: shahnawaz_nazimali - uri: /home/shahnawaz_nazimali/martproject/payment/app/main.py
2024-08-04 08:46:28.725 [info] Discover tests for workspace name: shahnawaz_nazimali - uri: /home/shahnawaz_nazimali/martproject/payment/app/main.py
2024-08-04 08:46:30.838 [info] Discover tests for workspace name: shahnawaz_nazimali - uri: /home/shahnawaz_nazimali/martproject/payment/app/main.py
2024-08-04 08:46:34.700 [info] Discover tests for workspace name: shahnawaz_nazimali - uri: /home/shahnawaz_nazimali/martproject/payment/app/main.py
2024-08-04 08:46:42.442 [info] Discover tests for workspace name: shahnawaz_nazimali - uri: /home/shahnawaz_nazimali/martproject/payment/app/main.py
2024-08-04 08:46:52.918 [info] Discover tests for workspace name: shahnawaz_nazimali - uri: /home/shahnawaz_nazimali/martproject/payment/app/main.py
2024-08-04 08:46:59.446 [info] Discover tests for workspace name: shahnawaz_nazimali - uri: /home/shahnawaz_nazimali/martproject/payment/app/main.py
2024-08-04 08:47:19.416 [info] Discover tests for workspace name: shahnawaz_nazimali - uri: /home/shahnawaz_nazimali/martproject/payment/app/main.py
2024-08-04 08:47:22.324 [info] Discover tests for workspace name: shahnawaz_nazimali - uri: /home/shahnawaz_nazimali/martproject/payment/app/main.py
2024-08-04 08:47:29.893 [info] Discover tests for workspace name: shahnawaz_nazimali - uri: /home/shahnawaz_nazimali/martproject/payment/app/main.py
2024-08-04 08:47:32.781 [info] Discover tests for workspace name: shahnawaz_nazimali - uri: /home/shahnawaz_nazimali/martproject/payment/app/main.py
2024-08-04 08:47:39.894 [info] Discover tests for workspace name: shahnawaz_nazimali - uri: /home/shahnawaz_nazimali/martproject/payment/app/main.py
2024-08-04 08:48:23.407 [info] Discover tests for workspace name: shahnawaz_nazimali - uri: /home/shahnawaz_nazimali/martproject/payment/app/main.py
2024-08-04 08:48:28.990 [info] Discover tests for workspace name: shahnawaz_nazimali - uri: /home/shahnawaz_nazimali/martproject/payment/app/main.py
2024-08-04 08:48:43.610 [info] Discover tests for workspace name: shahnawaz_nazimali - uri: /home/shahnawaz_nazimali/martproject/payment/app/main.py
2024-08-04 08:48:47.675 [info] Discover tests for workspace name: shahnawaz_nazimali - uri: /home/shahnawaz_nazimali/martproject/payment/app/main.py
2024-08-04 08:50:01.021 [info] Discover tests for workspace name: shahnawaz_nazimali - uri: /home/shahnawaz_nazimali/martproject/payment/app/main.py
2024-08-04 08:50:08.360 [info] Discover tests for workspace name: shahnawaz_nazimali - uri: /home/shahnawaz_nazimali/martproject/payment/app/main.py
2024-08-04 08:50:12.576 [info] Discover tests for workspace name: shahnawaz_nazimali - uri: /home/shahnawaz_nazimali/martproject/payment/app/main.py
2024-08-04 08:50:17.239 [info] Discover tests for workspace name: shahnawaz_nazimali - uri: /home/shahnawaz_nazimali/martproject/payment/app/main.py
2024-08-04 08:50:21.622 [info] Discover tests for workspace name: shahnawaz_nazimali - uri: /home/shahnawaz_nazimali/martproject/payment/app/main.py
2024-08-04 08:50:26.916 [info] Discover tests for workspace name: shahnawaz_nazimali - uri: /home/shahnawaz_nazimali/martproject/payment/app/main.py
2024-08-04 08:50:31.135 [info] Discover tests for workspace name: shahnawaz_nazimali - uri: /home/shahnawaz_nazimali/martproject/payment/app/main.py
2024-08-04 08:50:35.156 [info] Discover tests for workspace name: shahnawaz_nazimali - uri: /home/shahnawaz_nazimali/martproject/payment/app/main.py
2024-08-04 08:50:52.046 [info] Discover tests for workspace name: shahnawaz_nazimali - uri: /home/shahnawaz_nazimali/martproject/payment/app/main.py
2024-08-04 08:50:57.518 [info] Discover tests for workspace name: shahnawaz_nazimali - uri: /home/shahnawaz_nazimali/martproject/payment/app/main.py
2024-08-04 08:50:59.493 [info] Discover tests for workspace name: shahnawaz_nazimali - uri: /home/shahnawaz_nazimali/martproject/payment/app/main.py
2024-08-04 08:51:02.239 [info] Discover tests for workspace name: shahnawaz_nazimali - uri: /home/shahnawaz_nazimali/martproject/payment/app/main.py
2024-08-04 08:54:27.191 [info] Discover tests for workspace name: shahnawaz_nazimali - uri: /home/shahnawaz_nazimali/martproject/payment/app/main.py
2024-08-04 08:54:52.100 [info] Discover tests for workspace name: shahnawaz_nazimali - uri: /home/shahnawaz_nazimali/martproject/payment/app/main.py
2024-08-04 08:54:53.357 [info] Discover tests for workspace name: shahnawaz_nazimali - uri: /home/shahnawaz_nazimali/martproject/payment/app/main.py
2024-08-04 08:54:55.694 [info] Discover tests for workspace name: shahnawaz_nazimali - uri: /home/shahnawaz_nazimali/martproject/payment/app/main.py
2024-08-04 08:54:57.975 [info] Discover tests for workspace name: shahnawaz_nazimali - uri: /home/shahnawaz_nazimali/martproject/payment/app/main.py
2024-08-04 08:56:04.434 [info] Discover tests for workspace name: shahnawaz_nazimali - uri: /home/shahnawaz_nazimali/martproject/payment/app/main.py
2024-08-04 08:56:27.994 [info] Discover tests for workspace name: shahnawaz_nazimali - uri: /home/shahnawaz_nazimali/martproject/payment/app/main.py
2024-08-04 08:57:12.753 [info] Discover tests for workspace name: shahnawaz_nazimali - uri: /home/shahnawaz_nazimali/martproject/payment/app/main.py
2024-08-04 08:57:14.849 [info] Discover tests for workspace name: shahnawaz_nazimali - uri: /home/shahnawaz_nazimali/martproject/payment/app/main.py
2024-08-04 08:57:51.185 [info] Discover tests for workspace name: shahnawaz_nazimali - uri: /home/shahnawaz_nazimali/martproject/payment/app/main.py
2024-08-04 08:57:55.977 [info] Discover tests for workspace name: shahnawaz_nazimali - uri: /home/shahnawaz_nazimali/martproject/payment/app/main.py
2024-08-04 09:00:57.186 [info] Discover tests for workspace name: shahnawaz_nazimali - uri: /home/shahnawaz_nazimali/martproject/payment/app/main.py
2024-08-04 09:00:59.425 [info] Discover tests for workspace name: shahnawaz_nazimali - uri: /home/shahnawaz_nazimali/martproject/payment/app/main.py
2024-08-04 09:01:21.951 [info] Discover tests for workspace name: shahnawaz_nazimali - uri: /home/shahnawaz_nazimali/martproject/payment/app/main.py
2024-08-04 09:02:39.847 [info] Discover tests for workspace name: shahnawaz_nazimali - uri: /home/shahnawaz_nazimali/martproject/payment/app/main.py
2024-08-04 09:02:46.211 [info] Discover tests for workspace name: shahnawaz_nazimali - uri: /home/shahnawaz_nazimali/martproject/payment/app/main.py
2024-08-04 09:03:41.189 [info] Discover tests for workspace name: shahnawaz_nazimali - uri: /home/shahnawaz_nazimali/martproject/payment/app/main.py
2024-08-04 09:04:27.403 [info] Discover tests for workspace name: shahnawaz_nazimali - uri: /home/shahnawaz_nazimali/martproject/payment/app/main.py
2024-08-04 09:04:35.519 [info] Discover tests for workspace name: shahnawaz_nazimali - uri: /home/shahnawaz_nazimali/martproject/payment/app/main.py
2024-08-04 09:04:40.616 [info] Discover tests for workspace name: shahnawaz_nazimali - uri: /home/shahnawaz_nazimali/martproject/payment/app/main.py
2024-08-04 09:04:44.097 [info] Discover tests for workspace name: shahnawaz_nazimali - uri: /home/shahnawaz_nazimali/martproject/payment/app/main.py
2024-08-04 09:04:53.568 [info] Discover tests for workspace name: shahnawaz_nazimali - uri: /home/shahnawaz_nazimali/martproject/payment/app/main.py
2024-08-04 09:05:58.389 [info] Discover tests for workspace name: shahnawaz_nazimali - uri: /home/shahnawaz_nazimali/martproject/payment/app/main.py
2024-08-04 09:12:11.596 [info] Discover tests for workspace name: shahnawaz_nazimali - uri: /home/shahnawaz_nazimali/martproject/payment/app/main.py
2024-08-04 09:13:41.708 [info] Discover tests for workspace name: shahnawaz_nazimali - uri: /home/shahnawaz_nazimali/martproject/payment/app/main.py
2024-08-04 09:15:09.982 [info] Discover tests for workspace name: shahnawaz_nazimali - uri: /home/shahnawaz_nazimali/martproject/payment/app/main.py
2024-08-04 09:15:19.786 [info] Discover tests for workspace name: shahnawaz_nazimali - uri: /home/shahnawaz_nazimali/martproject/payment/app/main.py
2024-08-04 09:15:58.672 [info] Discover tests for workspace name: shahnawaz_nazimali - uri: /home/shahnawaz_nazimali/martproject/payment/app/main.py
2024-08-04 09:16:00.773 [info] Discover tests for workspace name: shahnawaz_nazimali - uri: /home/shahnawaz_nazimali/martproject/payment/app/main.py
2024-08-04 09:21:37.851 [info] Discover tests for workspace name: shahnawaz_nazimali - uri: /home/shahnawaz_nazimali/martproject/payment/app/main.py
2024-08-04 09:21:39.933 [info] Discover tests for workspace name: shahnawaz_nazimali - uri: /home/shahnawaz_nazimali/martproject/payment/app/main.py
2024-08-04 09:23:42.024 [info] Discover tests for workspace name: shahnawaz_nazimali - uri: /home/shahnawaz_nazimali/martproject/payment/app/main.py
2024-08-04 09:32:38.569 [info] Discover tests for workspace name: shahnawaz_nazimali - uri: /home/shahnawaz_nazimali/martproject/payment/app/main.py
2024-08-04 09:32:40.478 [info] Discover tests for workspace name: shahnawaz_nazimali - uri: /home/shahnawaz_nazimali/martproject/payment/app/main.py
2024-08-04 09:32:48.370 [info] Discover tests for workspace name: shahnawaz_nazimali - uri: /home/shahnawaz_nazimali/martproject/payment/app/main.py
2024-08-04 09:32:54.982 [info] Discover tests for workspace name: shahnawaz_nazimali - uri: /home/shahnawaz_nazimali/martproject/payment/app/main.py
2024-08-04 09:41:59.400 [info] Discover tests for workspace name: shahnawaz_nazimali - uri: /home/shahnawaz_nazimali/martproject/payment/app/main.py
2024-08-04 09:42:02.939 [info] Discover tests for workspace name: shahnawaz_nazimali - uri: /home/shahnawaz_nazimali/martproject/payment/app/main.py
2024-08-04 09:42:25.516 [info] Discover tests for workspace name: shahnawaz_nazimali - uri: /home/shahnawaz_nazimali/martproject/payment/app/main.py
2024-08-04 09:42:40.325 [info] Discover tests for workspace name: shahnawaz_nazimali - uri: /home/shahnawaz_nazimali/martproject/payment/app/main.py
2024-08-04 09:42:42.542 [info] Discover tests for workspace name: shahnawaz_nazimali - uri: /home/shahnawaz_nazimali/martproject/payment/app/main.py
2024-08-04 09:43:47.772 [info] Discover tests for workspace name: shahnawaz_nazimali - uri: /home/shahnawaz_nazimali/martproject/payment/app/main.py
2024-08-04 09:43:52.118 [info] Discover tests for workspace name: shahnawaz_nazimali - uri: /home/shahnawaz_nazimali/martproject/payment/app/main.py
2024-08-04 09:43:54.620 [info] Discover tests for workspace name: shahnawaz_nazimali - uri: /home/shahnawaz_nazimali/martproject/payment/app/main.py
2024-08-04 09:45:07.662 [info] Discover tests for workspace name: shahnawaz_nazimali - uri: /home/shahnawaz_nazimali/martproject/payment/app/main.py
2024-08-04 09:45:09.370 [info] Discover tests for workspace name: shahnawaz_nazimali - uri: /home/shahnawaz_nazimali/martproject/payment/app/main.py
2024-08-04 09:45:37.174 [info] Discover tests for workspace name: shahnawaz_nazimali - uri: /home/shahnawaz_nazimali/martproject/payment/app/main.py
2024-08-04 09:45:39.762 [info] Discover tests for workspace name: shahnawaz_nazimali - uri: /home/shahnawaz_nazimali/martproject/payment/app/main.py
2024-08-04 09:45:45.196 [info] Discover tests for workspace name: shahnawaz_nazimali - uri: /home/shahnawaz_nazimali/martproject/payment/app/main.py
2024-08-04 09:51:57.482 [info] Discover tests for workspace name: shahnawaz_nazimali - uri: /home/shahnawaz_nazimali/martproject/payment/app/main.py
2024-08-04 09:52:00.750 [info] Discover tests for workspace name: shahnawaz_nazimali - uri: /home/shahnawaz_nazimali/martproject/payment/app/main.py
2024-08-04 09:52:02.539 [info] Discover tests for workspace name: shahnawaz_nazimali - uri: /home/shahnawaz_nazimali/martproject/payment/app/main.py
2024-08-04 09:52:05.076 [info] Discover tests for workspace name: shahnawaz_nazimali - uri: /home/shahnawaz_nazimali/martproject/payment/app/main.py
2024-08-04 09:52:31.401 [info] Discover tests for workspace name: shahnawaz_nazimali - uri: /home/shahnawaz_nazimali/martproject/payment/app/main.py
2024-08-04 09:53:05.019 [info] Discover tests for workspace name: shahnawaz_nazimali - uri: /home/shahnawaz_nazimali/martproject/payment/app/main.py
2024-08-04 09:53:06.657 [info] Discover tests for workspace name: shahnawaz_nazimali - uri: /home/shahnawaz_nazimali/martproject/payment/app/main.py
2024-08-04 09:53:08.869 [info] Discover tests for workspace name: shahnawaz_nazimali - uri: /home/shahnawaz_nazimali/martproject/payment/app/main.py
2024-08-04 10:02:46.354 [info] Discover tests for workspace name: shahnawaz_nazimali - uri: /home/shahnawaz_nazimali/martproject/payment/app/main.py
2024-08-04 10:15:22.311 [info] Discover tests for workspace name: shahnawaz_nazimali - uri: /home/shahnawaz_nazimali/martproject/payment/app/main.py
2024-08-04 10:15:26.234 [info] Discover tests for workspace name: shahnawaz_nazimali - uri: /home/shahnawaz_nazimali/martproject/payment/app/main.py
2024-08-04 10:15:28.038 [info] Discover tests for workspace name: shahnawaz_nazimali - uri: /home/shahnawaz_nazimali/martproject/payment/app/main.py
2024-08-04 10:15:42.633 [info] Discover tests for workspace name: shahnawaz_nazimali - uri: /home/shahnawaz_nazimali/martproject/payment/app/main.py
2024-08-04 10:15:45.925 [info] Discover tests for workspace name: shahnawaz_nazimali - uri: /home/shahnawaz_nazimali/martproject/payment/app/main.py
2024-08-04 10:16:21.525 [info] Discover tests for workspace name: shahnawaz_nazimali - uri: /home/shahnawaz_nazimali/martproject/payment/app/main.py
2024-08-04 10:16:26.766 [info] Discover tests for workspace name: shahnawaz_nazimali - uri: /home/shahnawaz_nazimali/martproject/payment/app/main.py
2024-08-04 10:16:33.549 [info] Discover tests for workspace name: shahnawaz_nazimali - uri: /home/shahnawaz_nazimali/martproject/payment/app/main.py
2024-08-04 10:16:39.190 [info] Discover tests for workspace name: shahnawaz_nazimali - uri: /home/shahnawaz_nazimali/martproject/payment/app/main.py
2024-08-04 10:20:52.041 [info] Discover tests for workspace name: shahnawaz_nazimali - uri: /home/shahnawaz_nazimali/martproject/payment/app/main.py
2024-08-04 10:21:09.485 [info] Discover tests for workspace name: shahnawaz_nazimali - uri: /home/shahnawaz_nazimali/martproject/payment/app/main.py
2024-08-04 10:22:27.266 [info] Discover tests for workspace name: shahnawaz_nazimali - uri: /home/shahnawaz_nazimali/martproject/payment/app/main.py
2024-08-04 10:24:17.242 [info] Discover tests for workspace name: shahnawaz_nazimali - uri: /home/shahnawaz_nazimali/martproject/payment/app/main.py
2024-08-04 10:34:53.842 [info] Discover tests for workspace name: shahnawaz_nazimali - uri: /home/shahnawaz_nazimali/martproject/payment/app/main.py
2024-08-04 10:34:57.990 [info] Discover tests for workspace name: shahnawaz_nazimali - uri: /home/shahnawaz_nazimali/martproject/payment/app/main.py
2024-08-04 10:38:51.759 [info] Discover tests for workspace name: shahnawaz_nazimali - uri: /home/shahnawaz_nazimali/martproject/payment/app/main.py
2024-08-04 10:38:54.727 [info] Discover tests for workspace name: shahnawaz_nazimali - uri: /home/shahnawaz_nazimali/martproject/payment/app/main.py
2024-08-04 10:41:59.992 [info] Discover tests for workspace name: shahnawaz_nazimali - uri: /home/shahnawaz_nazimali/martproject/payment/app/main.py
2024-08-04 10:42:02.241 [info] Discover tests for workspace name: shahnawaz_nazimali - uri: /home/shahnawaz_nazimali/martproject/payment/app/main.py
2024-08-04 10:42:56.073 [info] Discover tests for workspace name: shahnawaz_nazimali - uri: /home/shahnawaz_nazimali/martproject/payment/app/main.py
2024-08-04 10:45:05.566 [info] Discover tests for workspace name: shahnawaz_nazimali - uri: /home/shahnawaz_nazimali/martproject/payment/app/main.py
2024-08-04 10:45:08.921 [info] Discover tests for workspace name: shahnawaz_nazimali - uri: /home/shahnawaz_nazimali/martproject/payment/app/main.py
2024-08-04 10:45:10.666 [info] Discover tests for workspace name: shahnawaz_nazimali - uri: /home/shahnawaz_nazimali/martproject/payment/app/main.py
2024-08-04 10:45:24.211 [info] Discover tests for workspace name: shahnawaz_nazimali - uri: /home/shahnawaz_nazimali/martproject/payment/app/main.py
2024-08-04 10:45:27.788 [info] Discover tests for workspace name: shahnawaz_nazimali - uri: /home/shahnawaz_nazimali/martproject/payment/app/main.py
2024-08-04 10:45:33.753 [info] Discover tests for workspace name: shahnawaz_nazimali - uri: /home/shahnawaz_nazimali/martproject/payment/app/main.py
2024-08-04 10:53:29.693 [info] Discover tests for workspace name: shahnawaz_nazimali - uri: /home/shahnawaz_nazimali/martproject/payment/app/main.py
